C:\USERS\KUBA\DROPBOX\DESKTOP\GRK_GRIM\GLSDK\FREEGLUT\OBJ\DEBUG\FREEGLUT_FONT.OBJ
C:\USERS\KUBA\DROPBOX\DESKTOP\GRK_GRIM\GLSDK\FREEGLUT\OBJ\DEBUG\FREEGLUT_FONT_DATA.OBJ
C:\USERS\KUBA\DROPBOX\DESKTOP\GRK_GRIM\GLSDK\FREEGLUT\OBJ\DEBUG\FREEGLUT_GAMEMODE.OBJ
C:\USERS\KUBA\DROPBOX\DESKTOP\GRK_GRIM\GLSDK\FREEGLUT\OBJ\DEBUG\FREEGLUT_GEOMETRY.OBJ
C:\USERS\KUBA\DROPBOX\DESKTOP\GRK_GRIM\GLSDK\FREEGLUT\OBJ\DEBUG\FREEGLUT_GLUTFONT_DEFINITIONS.OBJ
C:\USERS\KUBA\DROPBOX\DESKTOP\GRK_GRIM\GLSDK\FREEGLUT\OBJ\DEBUG\FREEGLUT_INIT.OBJ
C:\USERS\KUBA\DROPBOX\DESKTOP\GRK_GRIM\GLSDK\FREEGLUT\OBJ\DEBUG\FREEGLUT_INPUT_DEVICES.OBJ
C:\USERS\KUBA\DROPBOX\DESKTOP\GRK_GRIM\GLSDK\FREEGLUT\OBJ\DEBUG\FREEGLUT_JOYSTICK.OBJ
C:\USERS\KUBA\DROPBOX\DESKTOP\GRK_GRIM\GLSDK\FREEGLUT\OBJ\DEBUG\FREEGLUT_MAIN.OBJ
C:\USERS\KUBA\DROPBOX\DESKTOP\GRK_GRIM\GLSDK\FREEGLUT\OBJ\DEBUG\FREEGLUT_MENU.OBJ
C:\USERS\KUBA\DROPBOX\DESKTOP\GRK_GRIM\GLSDK\FREEGLUT\OBJ\DEBUG\FREEGLUT_MISC.OBJ
C:\USERS\KUBA\DROPBOX\DESKTOP\GRK_GRIM\GLSDK\FREEGLUT\OBJ\DEBUG\FREEGLUT_OVERLAY.OBJ
C:\USERS\KUBA\DROPBOX\DESKTOP\GRK_GRIM\GLSDK\FREEGLUT\OBJ\DEBUG\FREEGLUT_SPACEBALL.OBJ
C:\USERS\KUBA\DROPBOX\DESKTOP\GRK_GRIM\GLSDK\FREEGLUT\OBJ\DEBUG\FREEGLUT_STATE.OBJ
C:\USERS\KUBA\DROPBOX\DESKTOP\GRK_GRIM\GLSDK\FREEGLUT\OBJ\DEBUG\FREEGLUT_STROKE_MONO_ROMAN.OBJ
C:\USERS\KUBA\DROPBOX\DESKTOP\GRK_GRIM\GLSDK\FREEGLUT\OBJ\DEBUG\FREEGLUT_STROKE_ROMAN.OBJ
C:\USERS\KUBA\DROPBOX\DESKTOP\GRK_GRIM\GLSDK\FREEGLUT\OBJ\DEBUG\FREEGLUT_STRUCTURE.OBJ
C:\USERS\KUBA\DROPBOX\DESKTOP\GRK_GRIM\GLSDK\FREEGLUT\OBJ\DEBUG\FREEGLUT_TEAPOT.OBJ
C:\USERS\KUBA\DROPBOX\DESKTOP\GRK_GRIM\GLSDK\FREEGLUT\OBJ\DEBUG\FREEGLUT_VIDEORESIZE.OBJ
C:\USERS\KUBA\DROPBOX\DESKTOP\GRK_GRIM\GLSDK\FREEGLUT\OBJ\DEBUG\FREEGLUT_WINDOW.OBJ
C:\USERS\KUBA\DROPBOX\DESKTOP\GRK_GRIM\GLSDK\FREEGLUT\OBJ\DEBUG\FREEGLUT_CALLBACKS.OBJ
C:\USERS\KUBA\DROPBOX\DESKTOP\GRK_GRIM\GLSDK\FREEGLUT\OBJ\DEBUG\FREEGLUT_CURSOR.OBJ
C:\USERS\KUBA\DROPBOX\DESKTOP\GRK_GRIM\GLSDK\FREEGLUT\OBJ\DEBUG\FREEGLUT_DISPLAY.OBJ
C:\USERS\KUBA\DROPBOX\DESKTOP\GRK_GRIM\GLSDK\FREEGLUT\OBJ\DEBUG\FREEGLUT_EXT.OBJ
C:\USERS\KUBA\DROPBOX\DESKTOP\GRK_GRIM\GLSDK\FREEGLUT\OBJ\DEBUG\VC110.PDB
C:\USERS\KUBA\DROPBOX\DESKTOP\GRK_GRIM\GLSDK\FREEGLUT\LIB\FREEGLUTD.LIB
C:\Users\Kuba\Dropbox\Desktop\GRK_Grim\glsdk\freeglut\obj\Debug\freeglut_callbacks.obj
C:\Users\Kuba\Dropbox\Desktop\GRK_Grim\glsdk\freeglut\obj\Debug\freeglut_cursor.obj
C:\Users\Kuba\Dropbox\Desktop\GRK_Grim\glsdk\freeglut\obj\Debug\freeglut_display.obj
C:\Users\Kuba\Dropbox\Desktop\GRK_Grim\glsdk\freeglut\obj\Debug\freeglut_ext.obj
C:\Users\Kuba\Dropbox\Desktop\GRK_Grim\glsdk\freeglut\obj\Debug\freeglut_font.obj
C:\Users\Kuba\Dropbox\Desktop\GRK_Grim\glsdk\freeglut\obj\Debug\freeglut_font_data.obj
C:\Users\Kuba\Dropbox\Desktop\GRK_Grim\glsdk\freeglut\obj\Debug\freeglut_gamemode.obj
C:\Users\Kuba\Dropbox\Desktop\GRK_Grim\glsdk\freeglut\obj\Debug\freeglut_geometry.obj
C:\Users\Kuba\Dropbox\Desktop\GRK_Grim\glsdk\freeglut\obj\Debug\freeglut_glutfont_definitions.obj
C:\Users\Kuba\Dropbox\Desktop\GRK_Grim\glsdk\freeglut\obj\Debug\freeglut_init.obj
C:\Users\Kuba\Dropbox\Desktop\GRK_Grim\glsdk\freeglut\obj\Debug\freeglut_input_devices.obj
C:\Users\Kuba\Dropbox\Desktop\GRK_Grim\glsdk\freeglut\obj\Debug\freeglut_joystick.obj
C:\Users\Kuba\Dropbox\Desktop\GRK_Grim\glsdk\freeglut\obj\Debug\freeglut_main.obj
C:\Users\Kuba\Dropbox\Desktop\GRK_Grim\glsdk\freeglut\obj\Debug\freeglut_menu.obj
C:\Users\Kuba\Dropbox\Desktop\GRK_Grim\glsdk\freeglut\obj\Debug\freeglut_misc.obj
C:\Users\Kuba\Dropbox\Desktop\GRK_Grim\glsdk\freeglut\obj\Debug\freeglut_overlay.obj
C:\Users\Kuba\Dropbox\Desktop\GRK_Grim\glsdk\freeglut\obj\Debug\freeglut_spaceball.obj
C:\Users\Kuba\Dropbox\Desktop\GRK_Grim\glsdk\freeglut\obj\Debug\freeglut_state.obj
C:\Users\Kuba\Dropbox\Desktop\GRK_Grim\glsdk\freeglut\obj\Debug\freeglut_stroke_mono_roman.obj
C:\Users\Kuba\Dropbox\Desktop\GRK_Grim\glsdk\freeglut\obj\Debug\freeglut_stroke_roman.obj
C:\Users\Kuba\Dropbox\Desktop\GRK_Grim\glsdk\freeglut\obj\Debug\freeglut_structure.obj
C:\Users\Kuba\Dropbox\Desktop\GRK_Grim\glsdk\freeglut\obj\Debug\freeglut_teapot.obj
C:\Users\Kuba\Dropbox\Desktop\GRK_Grim\glsdk\freeglut\obj\Debug\freeglut_videoresize.obj
C:\Users\Kuba\Dropbox\Desktop\GRK_Grim\glsdk\freeglut\obj\Debug\freeglut_window.obj
C:\Users\Kuba\Dropbox\Desktop\GRK_Grim\glsdk\freeglut\obj\Debug\cl.command.1.tlog
C:\Users\Kuba\Dropbox\Desktop\GRK_Grim\glsdk\freeglut\obj\Debug\CL.read.1.tlog
C:\Users\Kuba\Dropbox\Desktop\GRK_Grim\glsdk\freeglut\obj\Debug\CL.write.1.tlog
C:\Users\Kuba\Dropbox\Desktop\GRK_Grim\glsdk\freeglut\obj\Debug\Lib-link.read.1.tlog
C:\Users\Kuba\Dropbox\Desktop\GRK_Grim\glsdk\freeglut\obj\Debug\Lib-link.write.1.tlog
C:\Users\Kuba\Dropbox\Desktop\GRK_Grim\glsdk\freeglut\obj\Debug\lib.command.1.tlog
C:\Users\Kuba\Dropbox\Desktop\GRK_Grim\glsdk\freeglut\obj\Debug\vc110.idb
C:\Users\Kuba\Dropbox\Desktop\GRK_Grim\glsdk\freeglut\obj\Debug\vc110.pdb
C:\Users\Kuba\Dropbox\Desktop\GRK_Grim\glsdk\freeglut\lib\freeglutD.lib
