Build started 6/17/2014 1:01:49 PM.
     1>Project "C:\Users\Kuba\Dropbox\Desktop\GRK_Grim\glsdk\glimg\glimg.vcxproj" on node 2 (Rebuild target(s)).
     1>ClCompile:
         C:\Program Files (x86)\VC\bin\CL.exe /c /Iinclude /Isource /I..\glload\include /ZI /nologo /W3 /WX- /Od /Oy- /D _CRT_SECURE_NO_WARNINGS /D _SCL_SECURE_NO_WARNINGS /D WIN32 /D DEBUG /D _DEBUG /D MEMORY_DEBUGGING /D _UNICODE /D UNICODE /Gm /EHsc /RTC1 /MDd /GS /Gy /fp:precise /Zc:wchar_t /Zc:forScope /Fo"Debug\\" /Fd"Debug\vc110.pdb" /Gd /TP /analyze- /errorReport:prompt source\DdsLoader.cpp source\ImageCreator.cpp source\ImageFormat.cpp source\ImageSet.cpp source\ImageSetImpl.cpp source\StbLoader.cpp source\TestLoader.cpp source\TextureGenerator.cpp source\Util.cpp
         Util.cpp
         TextureGenerator.cpp
         TestLoader.cpp
         StbLoader.cpp
         ImageSetImpl.cpp
         ImageSet.cpp
         ImageFormat.cpp
         ImageCreator.cpp
         DdsLoader.cpp
         Generating Code...
         C:\Program Files (x86)\VC\bin\CL.exe /c /Iinclude /Isource /I..\glload\include /ZI /nologo /W3 /WX- /Od /Oy- /D _CRT_SECURE_NO_WARNINGS /D _SCL_SECURE_NO_WARNINGS /D WIN32 /D DEBUG /D _DEBUG /D MEMORY_DEBUGGING /D _UNICODE /D UNICODE /Gm /EHsc /RTC1 /MDd /GS /Gy /fp:precise /Zc:wchar_t /Zc:forScope /Fo"Debug\\" /Fd"Debug\vc110.pdb" /Gd /TC /analyze- /errorReport:prompt source\stb_image.c
         stb_image.c
       Lib:
         C:\Program Files (x86)\VC\bin\Lib.exe /OUT:"lib\glimgD.lib" /NOLOGO Debug\DdsLoader.obj
         Debug\ImageCreator.obj
         Debug\ImageFormat.obj
         Debug\ImageSet.obj
         Debug\ImageSetImpl.obj
         Debug\StbLoader.obj
         Debug\TestLoader.obj
         Debug\TextureGenerator.obj
         Debug\Util.obj
         Debug\stb_image.obj
         glimg.vcxproj -> C:\Users\Kuba\Dropbox\Desktop\GRK_Grim\glsdk\glimg\lib\glimgD.lib
     1>Done Building Project "C:\Users\Kuba\Dropbox\Desktop\GRK_Grim\glsdk\glimg\glimg.vcxproj" (Rebuild target(s)).

Build succeeded.

Time Elapsed 00:00:13.33
