C:\USERS\KUBA\DROPBOX\DESKTOP\GRK_GRIM\GLSDK\GLIMG\DEBUG\DDSLOADER.OBJ
C:\USERS\KUBA\DROPBOX\DESKTOP\GRK_GRIM\GLSDK\GLIMG\DEBUG\IMAGECREATOR.OBJ
C:\USERS\KUBA\DROPBOX\DESKTOP\GRK_GRIM\GLSDK\GLIMG\DEBUG\IMAGEFORMAT.OBJ
C:\USERS\KUBA\DROPBOX\DESKTOP\GRK_GRIM\GLSDK\GLIMG\DEBUG\IMAGESET.OBJ
C:\USERS\KUBA\DROPBOX\DESKTOP\GRK_GRIM\GLSDK\GLIMG\DEBUG\IMAGESETIMPL.OBJ
C:\USERS\KUBA\DROPBOX\DESKTOP\GRK_GRIM\GLSDK\GLIMG\DEBUG\STBLOADER.OBJ
C:\USERS\KUBA\DROPBOX\DESKTOP\GRK_GRIM\GLSDK\GLIMG\DEBUG\TESTLOADER.OBJ
C:\USERS\KUBA\DROPBOX\DESKTOP\GRK_GRIM\GLSDK\GLIMG\DEBUG\TEXTUREGENERATOR.OBJ
C:\USERS\KUBA\DROPBOX\DESKTOP\GRK_GRIM\GLSDK\GLIMG\DEBUG\UTIL.OBJ
C:\USERS\KUBA\DROPBOX\DESKTOP\GRK_GRIM\GLSDK\GLIMG\DEBUG\VC110.PDB
C:\USERS\KUBA\DROPBOX\DESKTOP\GRK_GRIM\GLSDK\GLIMG\DEBUG\STB_IMAGE.OBJ
C:\USERS\KUBA\DROPBOX\DESKTOP\GRK_GRIM\GLSDK\GLIMG\LIB\GLIMGD.LIB
C:\Users\Kuba\Dropbox\Desktop\GRK_Grim\glsdk\glimg\Debug\DdsLoader.obj
C:\Users\Kuba\Dropbox\Desktop\GRK_Grim\glsdk\glimg\Debug\ImageCreator.obj
C:\Users\Kuba\Dropbox\Desktop\GRK_Grim\glsdk\glimg\Debug\ImageFormat.obj
C:\Users\Kuba\Dropbox\Desktop\GRK_Grim\glsdk\glimg\Debug\ImageSet.obj
C:\Users\Kuba\Dropbox\Desktop\GRK_Grim\glsdk\glimg\Debug\ImageSetImpl.obj
C:\Users\Kuba\Dropbox\Desktop\GRK_Grim\glsdk\glimg\Debug\StbLoader.obj
C:\Users\Kuba\Dropbox\Desktop\GRK_Grim\glsdk\glimg\Debug\stb_image.obj
C:\Users\Kuba\Dropbox\Desktop\GRK_Grim\glsdk\glimg\Debug\TestLoader.obj
C:\Users\Kuba\Dropbox\Desktop\GRK_Grim\glsdk\glimg\Debug\TextureGenerator.obj
C:\Users\Kuba\Dropbox\Desktop\GRK_Grim\glsdk\glimg\Debug\Util.obj
C:\Users\Kuba\Dropbox\Desktop\GRK_Grim\glsdk\glimg\Debug\cl.command.1.tlog
C:\Users\Kuba\Dropbox\Desktop\GRK_Grim\glsdk\glimg\Debug\CL.read.1.tlog
C:\Users\Kuba\Dropbox\Desktop\GRK_Grim\glsdk\glimg\Debug\CL.write.1.tlog
C:\Users\Kuba\Dropbox\Desktop\GRK_Grim\glsdk\glimg\Debug\Lib-link.read.1.tlog
C:\Users\Kuba\Dropbox\Desktop\GRK_Grim\glsdk\glimg\Debug\Lib-link.write.1.tlog
C:\Users\Kuba\Dropbox\Desktop\GRK_Grim\glsdk\glimg\Debug\lib.command.1.tlog
C:\Users\Kuba\Dropbox\Desktop\GRK_Grim\glsdk\glimg\Debug\vc110.idb
C:\Users\Kuba\Dropbox\Desktop\GRK_Grim\glsdk\glimg\Debug\vc110.pdb
C:\Users\Kuba\Dropbox\Desktop\GRK_Grim\glsdk\glimg\lib\glimgD.lib
