C:\USERS\KUBA\DROPBOX\DESKTOP\GRK_GRIM\GLSDK\GLUTIL\DEBUG\DEBUG.OBJ
C:\USERS\KUBA\DROPBOX\DESKTOP\GRK_GRIM\GLSDK\GLUTIL\DEBUG\MATRIXSTACK.OBJ
C:\USERS\KUBA\DROPBOX\DESKTOP\GRK_GRIM\GLSDK\GLUTIL\DEBUG\MOUSEPOLES.OBJ
C:\USERS\KUBA\DROPBOX\DESKTOP\GRK_GRIM\GLSDK\GLUTIL\DEBUG\SHADER.OBJ
C:\USERS\KUBA\DROPBOX\DESKTOP\GRK_GRIM\GLSDK\GLUTIL\DEBUG\WINDOWPOS.OBJ
C:\USERS\KUBA\DROPBOX\DESKTOP\GRK_GRIM\GLSDK\GLUTIL\DEBUG\VC110.PDB
C:\USERS\KUBA\DROPBOX\DESKTOP\GRK_GRIM\GLSDK\GLUTIL\LIB\GLUTILD.LIB
C:\Users\Kuba\Dropbox\Desktop\GRK_Grim\glsdk\glutil\Debug\Debug.obj
C:\Users\Kuba\Dropbox\Desktop\GRK_Grim\glsdk\glutil\Debug\MatrixStack.obj
C:\Users\Kuba\Dropbox\Desktop\GRK_Grim\glsdk\glutil\Debug\MousePoles.obj
C:\Users\Kuba\Dropbox\Desktop\GRK_Grim\glsdk\glutil\Debug\Shader.obj
C:\Users\Kuba\Dropbox\Desktop\GRK_Grim\glsdk\glutil\Debug\WindowPos.obj
C:\Users\Kuba\Dropbox\Desktop\GRK_Grim\glsdk\glutil\Debug\cl.command.1.tlog
C:\Users\Kuba\Dropbox\Desktop\GRK_Grim\glsdk\glutil\Debug\CL.read.1.tlog
C:\Users\Kuba\Dropbox\Desktop\GRK_Grim\glsdk\glutil\Debug\CL.write.1.tlog
C:\Users\Kuba\Dropbox\Desktop\GRK_Grim\glsdk\glutil\Debug\Lib-link.read.1.tlog
C:\Users\Kuba\Dropbox\Desktop\GRK_Grim\glsdk\glutil\Debug\Lib-link.write.1.tlog
C:\Users\Kuba\Dropbox\Desktop\GRK_Grim\glsdk\glutil\Debug\lib.command.1.tlog
C:\Users\Kuba\Dropbox\Desktop\GRK_Grim\glsdk\glutil\Debug\vc110.idb
C:\Users\Kuba\Dropbox\Desktop\GRK_Grim\glsdk\glutil\Debug\vc110.pdb
C:\Users\Kuba\Dropbox\Desktop\GRK_Grim\glsdk\glutil\lib\glutilD.lib
