C:\USERS\KUBA\DROPBOX\DESKTOP\GRK_GRIM\GLSDK\GLMESH\DEBUG\DRAW.OBJ
C:\USERS\KUBA\DROPBOX\DESKTOP\GRK_GRIM\GLSDK\GLMESH\DEBUG\GENHELPER.OBJ
C:\USERS\KUBA\DROPBOX\DESKTOP\GRK_GRIM\GLSDK\GLMESH\DEBUG\MESH.OBJ
C:\USERS\KUBA\DROPBOX\DESKTOP\GRK_GRIM\GLSDK\GLMESH\DEBUG\QUADRICS.OBJ
C:\USERS\KUBA\DROPBOX\DESKTOP\GRK_GRIM\GLSDK\GLMESH\DEBUG\STREAMBUFFER.OBJ
C:\USERS\KUBA\DROPBOX\DESKTOP\GRK_GRIM\GLSDK\GLMESH\DEBUG\VERTEXFORMAT.OBJ
C:\USERS\KUBA\DROPBOX\DESKTOP\GRK_GRIM\GLSDK\GLMESH\DEBUG\VC110.PDB
C:\USERS\KUBA\DROPBOX\DESKTOP\GRK_GRIM\GLSDK\GLMESH\LIB\GLMESHD.LIB
C:\Users\Kuba\Dropbox\Desktop\GRK_Grim\glsdk\glmesh\Debug\Draw.obj
C:\Users\Kuba\Dropbox\Desktop\GRK_Grim\glsdk\glmesh\Debug\GenHelper.obj
C:\Users\Kuba\Dropbox\Desktop\GRK_Grim\glsdk\glmesh\Debug\Mesh.obj
C:\Users\Kuba\Dropbox\Desktop\GRK_Grim\glsdk\glmesh\Debug\Quadrics.obj
C:\Users\Kuba\Dropbox\Desktop\GRK_Grim\glsdk\glmesh\Debug\StreamBuffer.obj
C:\Users\Kuba\Dropbox\Desktop\GRK_Grim\glsdk\glmesh\Debug\VertexFormat.obj
C:\Users\Kuba\Dropbox\Desktop\GRK_Grim\glsdk\glmesh\Debug\cl.command.1.tlog
C:\Users\Kuba\Dropbox\Desktop\GRK_Grim\glsdk\glmesh\Debug\CL.read.1.tlog
C:\Users\Kuba\Dropbox\Desktop\GRK_Grim\glsdk\glmesh\Debug\CL.write.1.tlog
C:\Users\Kuba\Dropbox\Desktop\GRK_Grim\glsdk\glmesh\Debug\Lib-link.read.1.tlog
C:\Users\Kuba\Dropbox\Desktop\GRK_Grim\glsdk\glmesh\Debug\Lib-link.write.1.tlog
C:\Users\Kuba\Dropbox\Desktop\GRK_Grim\glsdk\glmesh\Debug\lib.command.1.tlog
C:\Users\Kuba\Dropbox\Desktop\GRK_Grim\glsdk\glmesh\Debug\vc110.idb
C:\Users\Kuba\Dropbox\Desktop\GRK_Grim\glsdk\glmesh\Debug\vc110.pdb
C:\Users\Kuba\Dropbox\Desktop\GRK_Grim\glsdk\glmesh\lib\glmeshD.lib
