C:\USERS\KUBA\DROPBOX\DESKTOP\GRK_GRIM\GRIM - CODEBASE\OBJ\DEBUG\TUT 07 WORLD SCENE\WORLD SCENE.OBJ
C:\USERS\KUBA\DROPBOX\DESKTOP\GRK_GRIM\GRIM - CODEBASE\TUT 07 WORLD SCENED.PDB
C:\USERS\KUBA\DROPBOX\DESKTOP\GRK_GRIM2\GRIM - CODEBASE\OBJ\DEBUG\TUT 07 WORLD SCENE\WORLD SCENE.OBJ
C:\USERS\KUBA\DROPBOX\DESKTOP\GRK_GRIM2\GRIM - CODEBASE\TUT 07 WORLD SCENED.PDB
C:\USERS\KUBA\DROPBOX\DESKTOP\GRK_GRIM\GRIM - CODEBASE\TUT 07 WORLD SCENED.ILK
C:\USERS\KUBA\DROPBOX\DESKTOP\GRK_GRIM\GRIM - CODEBASE\TUT 07 WORLD SCENED.EXE
C:\USERS\KUBA\DROPBOX\DESKTOP\GRK_GRIM2\GRIM - CODEBASE\TUT 07 WORLD SCENED.ILK
C:\USERS\KUBA\DROPBOX\DESKTOP\GRK_GRIM2\GRIM - CODEBASE\TUT 07 WORLD SCENED.EXE
C:\Users\Kuba\Dropbox\Desktop\GRK_grim2\GRIM - codebase\obj\Debug\Tut 07 World Scene\Tut 07 World Scene.vcxprojResolveAssemblyReference.cache
C:\Users\Kuba\Dropbox\Desktop\GRK_grim2\GRIM - codebase\obj\Debug\Tut 07 World Scene\World Scene.obj
C:\Users\Kuba\Dropbox\Desktop\GRK_grim2\GRIM - codebase\obj\Debug\Tut 07 World Scene\cl.command.1.tlog
C:\Users\Kuba\Dropbox\Desktop\GRK_grim2\GRIM - codebase\obj\Debug\Tut 07 World Scene\CL.read.1.tlog
C:\Users\Kuba\Dropbox\Desktop\GRK_grim2\GRIM - codebase\obj\Debug\Tut 07 World Scene\CL.write.1.tlog
C:\Users\Kuba\Dropbox\Desktop\GRK_grim2\GRIM - codebase\obj\Debug\Tut 07 World Scene\link-cvtres.read.1.tlog
C:\Users\Kuba\Dropbox\Desktop\GRK_grim2\GRIM - codebase\obj\Debug\Tut 07 World Scene\link-cvtres.write.1.tlog
C:\Users\Kuba\Dropbox\Desktop\GRK_grim2\GRIM - codebase\obj\Debug\Tut 07 World Scene\link-rc.read.1.tlog
C:\Users\Kuba\Dropbox\Desktop\GRK_grim2\GRIM - codebase\obj\Debug\Tut 07 World Scene\link-rc.write.1.tlog
C:\Users\Kuba\Dropbox\Desktop\GRK_grim2\GRIM - codebase\obj\Debug\Tut 07 World Scene\link.10404-cvtres.read.1.tlog
C:\Users\Kuba\Dropbox\Desktop\GRK_grim2\GRIM - codebase\obj\Debug\Tut 07 World Scene\link.10404-cvtres.write.1.tlog
C:\Users\Kuba\Dropbox\Desktop\GRK_grim2\GRIM - codebase\obj\Debug\Tut 07 World Scene\link.10404-rc.read.1.tlog
C:\Users\Kuba\Dropbox\Desktop\GRK_grim2\GRIM - codebase\obj\Debug\Tut 07 World Scene\link.10404-rc.write.1.tlog
C:\Users\Kuba\Dropbox\Desktop\GRK_grim2\GRIM - codebase\obj\Debug\Tut 07 World Scene\link.10404.read.1.tlog
C:\Users\Kuba\Dropbox\Desktop\GRK_grim2\GRIM - codebase\obj\Debug\Tut 07 World Scene\link.10404.write.1.tlog
C:\Users\Kuba\Dropbox\Desktop\GRK_grim2\GRIM - codebase\obj\Debug\Tut 07 World Scene\link.10444-cvtres.read.1.tlog
C:\Users\Kuba\Dropbox\Desktop\GRK_grim2\GRIM - codebase\obj\Debug\Tut 07 World Scene\link.10444-cvtres.write.1.tlog
C:\Users\Kuba\Dropbox\Desktop\GRK_grim2\GRIM - codebase\obj\Debug\Tut 07 World Scene\link.10444-rc.read.1.tlog
C:\Users\Kuba\Dropbox\Desktop\GRK_grim2\GRIM - codebase\obj\Debug\Tut 07 World Scene\link.10444-rc.write.1.tlog
C:\Users\Kuba\Dropbox\Desktop\GRK_grim2\GRIM - codebase\obj\Debug\Tut 07 World Scene\link.10444.read.1.tlog
C:\Users\Kuba\Dropbox\Desktop\GRK_grim2\GRIM - codebase\obj\Debug\Tut 07 World Scene\link.10444.write.1.tlog
C:\Users\Kuba\Dropbox\Desktop\GRK_grim2\GRIM - codebase\obj\Debug\Tut 07 World Scene\link.10968-cvtres.read.1.tlog
C:\Users\Kuba\Dropbox\Desktop\GRK_grim2\GRIM - codebase\obj\Debug\Tut 07 World Scene\link.10968-cvtres.write.1.tlog
C:\Users\Kuba\Dropbox\Desktop\GRK_grim2\GRIM - codebase\obj\Debug\Tut 07 World Scene\link.10968-rc.read.1.tlog
C:\Users\Kuba\Dropbox\Desktop\GRK_grim2\GRIM - codebase\obj\Debug\Tut 07 World Scene\link.10968-rc.write.1.tlog
C:\Users\Kuba\Dropbox\Desktop\GRK_grim2\GRIM - codebase\obj\Debug\Tut 07 World Scene\link.10968.read.1.tlog
C:\Users\Kuba\Dropbox\Desktop\GRK_grim2\GRIM - codebase\obj\Debug\Tut 07 World Scene\link.10968.write.1.tlog
C:\Users\Kuba\Dropbox\Desktop\GRK_grim2\GRIM - codebase\obj\Debug\Tut 07 World Scene\link.1100-cvtres.read.1.tlog
C:\Users\Kuba\Dropbox\Desktop\GRK_grim2\GRIM - codebase\obj\Debug\Tut 07 World Scene\link.1100-cvtres.write.1.tlog
C:\Users\Kuba\Dropbox\Desktop\GRK_grim2\GRIM - codebase\obj\Debug\Tut 07 World Scene\link.1100-rc.read.1.tlog
C:\Users\Kuba\Dropbox\Desktop\GRK_grim2\GRIM - codebase\obj\Debug\Tut 07 World Scene\link.1100-rc.write.1.tlog
C:\Users\Kuba\Dropbox\Desktop\GRK_grim2\GRIM - codebase\obj\Debug\Tut 07 World Scene\link.1100.read.1.tlog
C:\Users\Kuba\Dropbox\Desktop\GRK_grim2\GRIM - codebase\obj\Debug\Tut 07 World Scene\link.1100.write.1.tlog
C:\Users\Kuba\Dropbox\Desktop\GRK_grim2\GRIM - codebase\obj\Debug\Tut 07 World Scene\link.11472-cvtres.read.1.tlog
C:\Users\Kuba\Dropbox\Desktop\GRK_grim2\GRIM - codebase\obj\Debug\Tut 07 World Scene\link.11472-cvtres.write.1.tlog
C:\Users\Kuba\Dropbox\Desktop\GRK_grim2\GRIM - codebase\obj\Debug\Tut 07 World Scene\link.11472-rc.read.1.tlog
C:\Users\Kuba\Dropbox\Desktop\GRK_grim2\GRIM - codebase\obj\Debug\Tut 07 World Scene\link.11472-rc.write.1.tlog
C:\Users\Kuba\Dropbox\Desktop\GRK_grim2\GRIM - codebase\obj\Debug\Tut 07 World Scene\link.11472.read.1.tlog
C:\Users\Kuba\Dropbox\Desktop\GRK_grim2\GRIM - codebase\obj\Debug\Tut 07 World Scene\link.11472.write.1.tlog
C:\Users\Kuba\Dropbox\Desktop\GRK_grim2\GRIM - codebase\obj\Debug\Tut 07 World Scene\link.11728-cvtres.read.1.tlog
C:\Users\Kuba\Dropbox\Desktop\GRK_grim2\GRIM - codebase\obj\Debug\Tut 07 World Scene\link.11728-cvtres.write.1.tlog
C:\Users\Kuba\Dropbox\Desktop\GRK_grim2\GRIM - codebase\obj\Debug\Tut 07 World Scene\link.11728-rc.read.1.tlog
C:\Users\Kuba\Dropbox\Desktop\GRK_grim2\GRIM - codebase\obj\Debug\Tut 07 World Scene\link.11728-rc.write.1.tlog
C:\Users\Kuba\Dropbox\Desktop\GRK_grim2\GRIM - codebase\obj\Debug\Tut 07 World Scene\link.11728.read.1.tlog
C:\Users\Kuba\Dropbox\Desktop\GRK_grim2\GRIM - codebase\obj\Debug\Tut 07 World Scene\link.11728.write.1.tlog
C:\Users\Kuba\Dropbox\Desktop\GRK_grim2\GRIM - codebase\obj\Debug\Tut 07 World Scene\link.12220-cvtres.read.1.tlog
C:\Users\Kuba\Dropbox\Desktop\GRK_grim2\GRIM - codebase\obj\Debug\Tut 07 World Scene\link.12220-cvtres.write.1.tlog
C:\Users\Kuba\Dropbox\Desktop\GRK_grim2\GRIM - codebase\obj\Debug\Tut 07 World Scene\link.12220-rc.read.1.tlog
C:\Users\Kuba\Dropbox\Desktop\GRK_grim2\GRIM - codebase\obj\Debug\Tut 07 World Scene\link.12220-rc.write.1.tlog
C:\Users\Kuba\Dropbox\Desktop\GRK_grim2\GRIM - codebase\obj\Debug\Tut 07 World Scene\link.12220.read.1.tlog
C:\Users\Kuba\Dropbox\Desktop\GRK_grim2\GRIM - codebase\obj\Debug\Tut 07 World Scene\link.12220.write.1.tlog
C:\Users\Kuba\Dropbox\Desktop\GRK_grim2\GRIM - codebase\obj\Debug\Tut 07 World Scene\link.1256-cvtres.read.1.tlog
C:\Users\Kuba\Dropbox\Desktop\GRK_grim2\GRIM - codebase\obj\Debug\Tut 07 World Scene\link.1256-cvtres.write.1.tlog
C:\Users\Kuba\Dropbox\Desktop\GRK_grim2\GRIM - codebase\obj\Debug\Tut 07 World Scene\link.1256-rc.read.1.tlog
C:\Users\Kuba\Dropbox\Desktop\GRK_grim2\GRIM - codebase\obj\Debug\Tut 07 World Scene\link.1256-rc.write.1.tlog
C:\Users\Kuba\Dropbox\Desktop\GRK_grim2\GRIM - codebase\obj\Debug\Tut 07 World Scene\link.1256.read.1.tlog
C:\Users\Kuba\Dropbox\Desktop\GRK_grim2\GRIM - codebase\obj\Debug\Tut 07 World Scene\link.1256.write.1.tlog
C:\Users\Kuba\Dropbox\Desktop\GRK_grim2\GRIM - codebase\obj\Debug\Tut 07 World Scene\link.1292-cvtres.read.1.tlog
C:\Users\Kuba\Dropbox\Desktop\GRK_grim2\GRIM - codebase\obj\Debug\Tut 07 World Scene\link.1292-cvtres.write.1.tlog
C:\Users\Kuba\Dropbox\Desktop\GRK_grim2\GRIM - codebase\obj\Debug\Tut 07 World Scene\link.1292-rc.read.1.tlog
C:\Users\Kuba\Dropbox\Desktop\GRK_grim2\GRIM - codebase\obj\Debug\Tut 07 World Scene\link.1292-rc.write.1.tlog
C:\Users\Kuba\Dropbox\Desktop\GRK_grim2\GRIM - codebase\obj\Debug\Tut 07 World Scene\link.1292.read.1.tlog
C:\Users\Kuba\Dropbox\Desktop\GRK_grim2\GRIM - codebase\obj\Debug\Tut 07 World Scene\link.1292.write.1.tlog
C:\Users\Kuba\Dropbox\Desktop\GRK_grim2\GRIM - codebase\obj\Debug\Tut 07 World Scene\link.2324-cvtres.read.1.tlog
C:\Users\Kuba\Dropbox\Desktop\GRK_grim2\GRIM - codebase\obj\Debug\Tut 07 World Scene\link.2324-cvtres.write.1.tlog
C:\Users\Kuba\Dropbox\Desktop\GRK_grim2\GRIM - codebase\obj\Debug\Tut 07 World Scene\link.2324-rc.read.1.tlog
C:\Users\Kuba\Dropbox\Desktop\GRK_grim2\GRIM - codebase\obj\Debug\Tut 07 World Scene\link.2324-rc.write.1.tlog
C:\Users\Kuba\Dropbox\Desktop\GRK_grim2\GRIM - codebase\obj\Debug\Tut 07 World Scene\link.2324.read.1.tlog
C:\Users\Kuba\Dropbox\Desktop\GRK_grim2\GRIM - codebase\obj\Debug\Tut 07 World Scene\link.2324.write.1.tlog
C:\Users\Kuba\Dropbox\Desktop\GRK_grim2\GRIM - codebase\obj\Debug\Tut 07 World Scene\link.2740-cvtres.read.1.tlog
C:\Users\Kuba\Dropbox\Desktop\GRK_grim2\GRIM - codebase\obj\Debug\Tut 07 World Scene\link.2740-cvtres.write.1.tlog
C:\Users\Kuba\Dropbox\Desktop\GRK_grim2\GRIM - codebase\obj\Debug\Tut 07 World Scene\link.2740-rc.read.1.tlog
C:\Users\Kuba\Dropbox\Desktop\GRK_grim2\GRIM - codebase\obj\Debug\Tut 07 World Scene\link.2740-rc.write.1.tlog
C:\Users\Kuba\Dropbox\Desktop\GRK_grim2\GRIM - codebase\obj\Debug\Tut 07 World Scene\link.2740.read.1.tlog
C:\Users\Kuba\Dropbox\Desktop\GRK_grim2\GRIM - codebase\obj\Debug\Tut 07 World Scene\link.2740.write.1.tlog
C:\Users\Kuba\Dropbox\Desktop\GRK_grim2\GRIM - codebase\obj\Debug\Tut 07 World Scene\link.2760-cvtres.read.1.tlog
C:\Users\Kuba\Dropbox\Desktop\GRK_grim2\GRIM - codebase\obj\Debug\Tut 07 World Scene\link.2760-cvtres.write.1.tlog
C:\Users\Kuba\Dropbox\Desktop\GRK_grim2\GRIM - codebase\obj\Debug\Tut 07 World Scene\link.2760-rc.read.1.tlog
C:\Users\Kuba\Dropbox\Desktop\GRK_grim2\GRIM - codebase\obj\Debug\Tut 07 World Scene\link.2760-rc.write.1.tlog
C:\Users\Kuba\Dropbox\Desktop\GRK_grim2\GRIM - codebase\obj\Debug\Tut 07 World Scene\link.2760.read.1.tlog
C:\Users\Kuba\Dropbox\Desktop\GRK_grim2\GRIM - codebase\obj\Debug\Tut 07 World Scene\link.2760.write.1.tlog
C:\Users\Kuba\Dropbox\Desktop\GRK_grim2\GRIM - codebase\obj\Debug\Tut 07 World Scene\link.2772-cvtres.read.1.tlog
C:\Users\Kuba\Dropbox\Desktop\GRK_grim2\GRIM - codebase\obj\Debug\Tut 07 World Scene\link.2772-cvtres.write.1.tlog
C:\Users\Kuba\Dropbox\Desktop\GRK_grim2\GRIM - codebase\obj\Debug\Tut 07 World Scene\link.2772-rc.read.1.tlog
C:\Users\Kuba\Dropbox\Desktop\GRK_grim2\GRIM - codebase\obj\Debug\Tut 07 World Scene\link.2772-rc.write.1.tlog
C:\Users\Kuba\Dropbox\Desktop\GRK_grim2\GRIM - codebase\obj\Debug\Tut 07 World Scene\link.2772.read.1.tlog
C:\Users\Kuba\Dropbox\Desktop\GRK_grim2\GRIM - codebase\obj\Debug\Tut 07 World Scene\link.2772.write.1.tlog
C:\Users\Kuba\Dropbox\Desktop\GRK_grim2\GRIM - codebase\obj\Debug\Tut 07 World Scene\link.2872-cvtres.read.1.tlog
C:\Users\Kuba\Dropbox\Desktop\GRK_grim2\GRIM - codebase\obj\Debug\Tut 07 World Scene\link.2872-cvtres.write.1.tlog
C:\Users\Kuba\Dropbox\Desktop\GRK_grim2\GRIM - codebase\obj\Debug\Tut 07 World Scene\link.2872-rc.read.1.tlog
C:\Users\Kuba\Dropbox\Desktop\GRK_grim2\GRIM - codebase\obj\Debug\Tut 07 World Scene\link.2872-rc.write.1.tlog
C:\Users\Kuba\Dropbox\Desktop\GRK_grim2\GRIM - codebase\obj\Debug\Tut 07 World Scene\link.2872.read.1.tlog
C:\Users\Kuba\Dropbox\Desktop\GRK_grim2\GRIM - codebase\obj\Debug\Tut 07 World Scene\link.2872.write.1.tlog
C:\Users\Kuba\Dropbox\Desktop\GRK_grim2\GRIM - codebase\obj\Debug\Tut 07 World Scene\link.3508-cvtres.read.1.tlog
C:\Users\Kuba\Dropbox\Desktop\GRK_grim2\GRIM - codebase\obj\Debug\Tut 07 World Scene\link.3508-cvtres.write.1.tlog
C:\Users\Kuba\Dropbox\Desktop\GRK_grim2\GRIM - codebase\obj\Debug\Tut 07 World Scene\link.3508-rc.read.1.tlog
C:\Users\Kuba\Dropbox\Desktop\GRK_grim2\GRIM - codebase\obj\Debug\Tut 07 World Scene\link.3508-rc.write.1.tlog
C:\Users\Kuba\Dropbox\Desktop\GRK_grim2\GRIM - codebase\obj\Debug\Tut 07 World Scene\link.3508.read.1.tlog
C:\Users\Kuba\Dropbox\Desktop\GRK_grim2\GRIM - codebase\obj\Debug\Tut 07 World Scene\link.3508.write.1.tlog
C:\Users\Kuba\Dropbox\Desktop\GRK_grim2\GRIM - codebase\obj\Debug\Tut 07 World Scene\link.3596-cvtres.read.1.tlog
C:\Users\Kuba\Dropbox\Desktop\GRK_grim2\GRIM - codebase\obj\Debug\Tut 07 World Scene\link.3596-cvtres.write.1.tlog
C:\Users\Kuba\Dropbox\Desktop\GRK_grim2\GRIM - codebase\obj\Debug\Tut 07 World Scene\link.3596-rc.read.1.tlog
C:\Users\Kuba\Dropbox\Desktop\GRK_grim2\GRIM - codebase\obj\Debug\Tut 07 World Scene\link.3596-rc.write.1.tlog
C:\Users\Kuba\Dropbox\Desktop\GRK_grim2\GRIM - codebase\obj\Debug\Tut 07 World Scene\link.3596.read.1.tlog
C:\Users\Kuba\Dropbox\Desktop\GRK_grim2\GRIM - codebase\obj\Debug\Tut 07 World Scene\link.3596.write.1.tlog
C:\Users\Kuba\Dropbox\Desktop\GRK_grim2\GRIM - codebase\obj\Debug\Tut 07 World Scene\link.3640-cvtres.read.1.tlog
C:\Users\Kuba\Dropbox\Desktop\GRK_grim2\GRIM - codebase\obj\Debug\Tut 07 World Scene\link.3640-cvtres.write.1.tlog
C:\Users\Kuba\Dropbox\Desktop\GRK_grim2\GRIM - codebase\obj\Debug\Tut 07 World Scene\link.3640-rc.read.1.tlog
C:\Users\Kuba\Dropbox\Desktop\GRK_grim2\GRIM - codebase\obj\Debug\Tut 07 World Scene\link.3640-rc.write.1.tlog
C:\Users\Kuba\Dropbox\Desktop\GRK_grim2\GRIM - codebase\obj\Debug\Tut 07 World Scene\link.3640.read.1.tlog
C:\Users\Kuba\Dropbox\Desktop\GRK_grim2\GRIM - codebase\obj\Debug\Tut 07 World Scene\link.3640.write.1.tlog
C:\Users\Kuba\Dropbox\Desktop\GRK_grim2\GRIM - codebase\obj\Debug\Tut 07 World Scene\link.3696-cvtres.read.1.tlog
C:\Users\Kuba\Dropbox\Desktop\GRK_grim2\GRIM - codebase\obj\Debug\Tut 07 World Scene\link.3696-cvtres.write.1.tlog
C:\Users\Kuba\Dropbox\Desktop\GRK_grim2\GRIM - codebase\obj\Debug\Tut 07 World Scene\link.3696-rc.read.1.tlog
C:\Users\Kuba\Dropbox\Desktop\GRK_grim2\GRIM - codebase\obj\Debug\Tut 07 World Scene\link.3696-rc.write.1.tlog
C:\Users\Kuba\Dropbox\Desktop\GRK_grim2\GRIM - codebase\obj\Debug\Tut 07 World Scene\link.3696.read.1.tlog
C:\Users\Kuba\Dropbox\Desktop\GRK_grim2\GRIM - codebase\obj\Debug\Tut 07 World Scene\link.3696.write.1.tlog
C:\Users\Kuba\Dropbox\Desktop\GRK_grim2\GRIM - codebase\obj\Debug\Tut 07 World Scene\link.3908-cvtres.read.1.tlog
C:\Users\Kuba\Dropbox\Desktop\GRK_grim2\GRIM - codebase\obj\Debug\Tut 07 World Scene\link.3908-cvtres.write.1.tlog
C:\Users\Kuba\Dropbox\Desktop\GRK_grim2\GRIM - codebase\obj\Debug\Tut 07 World Scene\link.3908-rc.read.1.tlog
C:\Users\Kuba\Dropbox\Desktop\GRK_grim2\GRIM - codebase\obj\Debug\Tut 07 World Scene\link.3908-rc.write.1.tlog
C:\Users\Kuba\Dropbox\Desktop\GRK_grim2\GRIM - codebase\obj\Debug\Tut 07 World Scene\link.3908.read.1.tlog
C:\Users\Kuba\Dropbox\Desktop\GRK_grim2\GRIM - codebase\obj\Debug\Tut 07 World Scene\link.3908.write.1.tlog
C:\Users\Kuba\Dropbox\Desktop\GRK_grim2\GRIM - codebase\obj\Debug\Tut 07 World Scene\link.4040-cvtres.read.1.tlog
C:\Users\Kuba\Dropbox\Desktop\GRK_grim2\GRIM - codebase\obj\Debug\Tut 07 World Scene\link.4040-cvtres.write.1.tlog
C:\Users\Kuba\Dropbox\Desktop\GRK_grim2\GRIM - codebase\obj\Debug\Tut 07 World Scene\link.4040-rc.read.1.tlog
C:\Users\Kuba\Dropbox\Desktop\GRK_grim2\GRIM - codebase\obj\Debug\Tut 07 World Scene\link.4040-rc.write.1.tlog
C:\Users\Kuba\Dropbox\Desktop\GRK_grim2\GRIM - codebase\obj\Debug\Tut 07 World Scene\link.4040.read.1.tlog
C:\Users\Kuba\Dropbox\Desktop\GRK_grim2\GRIM - codebase\obj\Debug\Tut 07 World Scene\link.4040.write.1.tlog
C:\Users\Kuba\Dropbox\Desktop\GRK_grim2\GRIM - codebase\obj\Debug\Tut 07 World Scene\link.4144-cvtres.read.1.tlog
C:\Users\Kuba\Dropbox\Desktop\GRK_grim2\GRIM - codebase\obj\Debug\Tut 07 World Scene\link.4144-cvtres.write.1.tlog
C:\Users\Kuba\Dropbox\Desktop\GRK_grim2\GRIM - codebase\obj\Debug\Tut 07 World Scene\link.4144-rc.read.1.tlog
C:\Users\Kuba\Dropbox\Desktop\GRK_grim2\GRIM - codebase\obj\Debug\Tut 07 World Scene\link.4144-rc.write.1.tlog
C:\Users\Kuba\Dropbox\Desktop\GRK_grim2\GRIM - codebase\obj\Debug\Tut 07 World Scene\link.4144.read.1.tlog
C:\Users\Kuba\Dropbox\Desktop\GRK_grim2\GRIM - codebase\obj\Debug\Tut 07 World Scene\link.4144.write.1.tlog
C:\Users\Kuba\Dropbox\Desktop\GRK_grim2\GRIM - codebase\obj\Debug\Tut 07 World Scene\link.4156-cvtres.read.1.tlog
C:\Users\Kuba\Dropbox\Desktop\GRK_grim2\GRIM - codebase\obj\Debug\Tut 07 World Scene\link.4156-cvtres.write.1.tlog
C:\Users\Kuba\Dropbox\Desktop\GRK_grim2\GRIM - codebase\obj\Debug\Tut 07 World Scene\link.4156-rc.read.1.tlog
C:\Users\Kuba\Dropbox\Desktop\GRK_grim2\GRIM - codebase\obj\Debug\Tut 07 World Scene\link.4156-rc.write.1.tlog
C:\Users\Kuba\Dropbox\Desktop\GRK_grim2\GRIM - codebase\obj\Debug\Tut 07 World Scene\link.4156.read.1.tlog
C:\Users\Kuba\Dropbox\Desktop\GRK_grim2\GRIM - codebase\obj\Debug\Tut 07 World Scene\link.4156.write.1.tlog
C:\Users\Kuba\Dropbox\Desktop\GRK_grim2\GRIM - codebase\obj\Debug\Tut 07 World Scene\link.4240-cvtres.read.1.tlog
C:\Users\Kuba\Dropbox\Desktop\GRK_grim2\GRIM - codebase\obj\Debug\Tut 07 World Scene\link.4240-cvtres.write.1.tlog
C:\Users\Kuba\Dropbox\Desktop\GRK_grim2\GRIM - codebase\obj\Debug\Tut 07 World Scene\link.4240-rc.read.1.tlog
C:\Users\Kuba\Dropbox\Desktop\GRK_grim2\GRIM - codebase\obj\Debug\Tut 07 World Scene\link.4240-rc.write.1.tlog
C:\Users\Kuba\Dropbox\Desktop\GRK_grim2\GRIM - codebase\obj\Debug\Tut 07 World Scene\link.4240.read.1.tlog
C:\Users\Kuba\Dropbox\Desktop\GRK_grim2\GRIM - codebase\obj\Debug\Tut 07 World Scene\link.4240.write.1.tlog
C:\Users\Kuba\Dropbox\Desktop\GRK_grim2\GRIM - codebase\obj\Debug\Tut 07 World Scene\link.4248-cvtres.read.1.tlog
C:\Users\Kuba\Dropbox\Desktop\GRK_grim2\GRIM - codebase\obj\Debug\Tut 07 World Scene\link.4248-cvtres.write.1.tlog
C:\Users\Kuba\Dropbox\Desktop\GRK_grim2\GRIM - codebase\obj\Debug\Tut 07 World Scene\link.4248-rc.read.1.tlog
C:\Users\Kuba\Dropbox\Desktop\GRK_grim2\GRIM - codebase\obj\Debug\Tut 07 World Scene\link.4248-rc.write.1.tlog
C:\Users\Kuba\Dropbox\Desktop\GRK_grim2\GRIM - codebase\obj\Debug\Tut 07 World Scene\link.4248.read.1.tlog
C:\Users\Kuba\Dropbox\Desktop\GRK_grim2\GRIM - codebase\obj\Debug\Tut 07 World Scene\link.4248.write.1.tlog
C:\Users\Kuba\Dropbox\Desktop\GRK_grim2\GRIM - codebase\obj\Debug\Tut 07 World Scene\link.4260-cvtres.read.1.tlog
C:\Users\Kuba\Dropbox\Desktop\GRK_grim2\GRIM - codebase\obj\Debug\Tut 07 World Scene\link.4260-cvtres.write.1.tlog
C:\Users\Kuba\Dropbox\Desktop\GRK_grim2\GRIM - codebase\obj\Debug\Tut 07 World Scene\link.4260-rc.read.1.tlog
C:\Users\Kuba\Dropbox\Desktop\GRK_grim2\GRIM - codebase\obj\Debug\Tut 07 World Scene\link.4260-rc.write.1.tlog
C:\Users\Kuba\Dropbox\Desktop\GRK_grim2\GRIM - codebase\obj\Debug\Tut 07 World Scene\link.4260.read.1.tlog
C:\Users\Kuba\Dropbox\Desktop\GRK_grim2\GRIM - codebase\obj\Debug\Tut 07 World Scene\link.4260.write.1.tlog
C:\Users\Kuba\Dropbox\Desktop\GRK_grim2\GRIM - codebase\obj\Debug\Tut 07 World Scene\link.4264-cvtres.read.1.tlog
C:\Users\Kuba\Dropbox\Desktop\GRK_grim2\GRIM - codebase\obj\Debug\Tut 07 World Scene\link.4264-cvtres.write.1.tlog
C:\Users\Kuba\Dropbox\Desktop\GRK_grim2\GRIM - codebase\obj\Debug\Tut 07 World Scene\link.4264-rc.read.1.tlog
C:\Users\Kuba\Dropbox\Desktop\GRK_grim2\GRIM - codebase\obj\Debug\Tut 07 World Scene\link.4264-rc.write.1.tlog
C:\Users\Kuba\Dropbox\Desktop\GRK_grim2\GRIM - codebase\obj\Debug\Tut 07 World Scene\link.4264.read.1.tlog
C:\Users\Kuba\Dropbox\Desktop\GRK_grim2\GRIM - codebase\obj\Debug\Tut 07 World Scene\link.4264.write.1.tlog
C:\Users\Kuba\Dropbox\Desktop\GRK_grim2\GRIM - codebase\obj\Debug\Tut 07 World Scene\link.4268-cvtres.read.1.tlog
C:\Users\Kuba\Dropbox\Desktop\GRK_grim2\GRIM - codebase\obj\Debug\Tut 07 World Scene\link.4268-cvtres.write.1.tlog
C:\Users\Kuba\Dropbox\Desktop\GRK_grim2\GRIM - codebase\obj\Debug\Tut 07 World Scene\link.4268-rc.read.1.tlog
C:\Users\Kuba\Dropbox\Desktop\GRK_grim2\GRIM - codebase\obj\Debug\Tut 07 World Scene\link.4268-rc.write.1.tlog
C:\Users\Kuba\Dropbox\Desktop\GRK_grim2\GRIM - codebase\obj\Debug\Tut 07 World Scene\link.4268.read.1.tlog
C:\Users\Kuba\Dropbox\Desktop\GRK_grim2\GRIM - codebase\obj\Debug\Tut 07 World Scene\link.4268.write.1.tlog
C:\Users\Kuba\Dropbox\Desktop\GRK_grim2\GRIM - codebase\obj\Debug\Tut 07 World Scene\link.4316-cvtres.read.1.tlog
C:\Users\Kuba\Dropbox\Desktop\GRK_grim2\GRIM - codebase\obj\Debug\Tut 07 World Scene\link.4316-cvtres.write.1.tlog
C:\Users\Kuba\Dropbox\Desktop\GRK_grim2\GRIM - codebase\obj\Debug\Tut 07 World Scene\link.4316-rc.read.1.tlog
C:\Users\Kuba\Dropbox\Desktop\GRK_grim2\GRIM - codebase\obj\Debug\Tut 07 World Scene\link.4316-rc.write.1.tlog
C:\Users\Kuba\Dropbox\Desktop\GRK_grim2\GRIM - codebase\obj\Debug\Tut 07 World Scene\link.4316.read.1.tlog
C:\Users\Kuba\Dropbox\Desktop\GRK_grim2\GRIM - codebase\obj\Debug\Tut 07 World Scene\link.4316.write.1.tlog
C:\Users\Kuba\Dropbox\Desktop\GRK_grim2\GRIM - codebase\obj\Debug\Tut 07 World Scene\link.4328-cvtres.read.1.tlog
C:\Users\Kuba\Dropbox\Desktop\GRK_grim2\GRIM - codebase\obj\Debug\Tut 07 World Scene\link.4328-cvtres.write.1.tlog
C:\Users\Kuba\Dropbox\Desktop\GRK_grim2\GRIM - codebase\obj\Debug\Tut 07 World Scene\link.4328-rc.read.1.tlog
C:\Users\Kuba\Dropbox\Desktop\GRK_grim2\GRIM - codebase\obj\Debug\Tut 07 World Scene\link.4328-rc.write.1.tlog
C:\Users\Kuba\Dropbox\Desktop\GRK_grim2\GRIM - codebase\obj\Debug\Tut 07 World Scene\link.4328.read.1.tlog
C:\Users\Kuba\Dropbox\Desktop\GRK_grim2\GRIM - codebase\obj\Debug\Tut 07 World Scene\link.4328.write.1.tlog
C:\Users\Kuba\Dropbox\Desktop\GRK_grim2\GRIM - codebase\obj\Debug\Tut 07 World Scene\link.4396-cvtres.read.1.tlog
C:\Users\Kuba\Dropbox\Desktop\GRK_grim2\GRIM - codebase\obj\Debug\Tut 07 World Scene\link.4396-cvtres.write.1.tlog
C:\Users\Kuba\Dropbox\Desktop\GRK_grim2\GRIM - codebase\obj\Debug\Tut 07 World Scene\link.4396-rc.read.1.tlog
C:\Users\Kuba\Dropbox\Desktop\GRK_grim2\GRIM - codebase\obj\Debug\Tut 07 World Scene\link.4396-rc.write.1.tlog
C:\Users\Kuba\Dropbox\Desktop\GRK_grim2\GRIM - codebase\obj\Debug\Tut 07 World Scene\link.4396.read.1.tlog
C:\Users\Kuba\Dropbox\Desktop\GRK_grim2\GRIM - codebase\obj\Debug\Tut 07 World Scene\link.4396.write.1.tlog
C:\Users\Kuba\Dropbox\Desktop\GRK_grim2\GRIM - codebase\obj\Debug\Tut 07 World Scene\link.4440-cvtres.read.1.tlog
C:\Users\Kuba\Dropbox\Desktop\GRK_grim2\GRIM - codebase\obj\Debug\Tut 07 World Scene\link.4440-cvtres.write.1.tlog
C:\Users\Kuba\Dropbox\Desktop\GRK_grim2\GRIM - codebase\obj\Debug\Tut 07 World Scene\link.4440-rc.read.1.tlog
C:\Users\Kuba\Dropbox\Desktop\GRK_grim2\GRIM - codebase\obj\Debug\Tut 07 World Scene\link.4440-rc.write.1.tlog
C:\Users\Kuba\Dropbox\Desktop\GRK_grim2\GRIM - codebase\obj\Debug\Tut 07 World Scene\link.4440.read.1.tlog
C:\Users\Kuba\Dropbox\Desktop\GRK_grim2\GRIM - codebase\obj\Debug\Tut 07 World Scene\link.4440.write.1.tlog
C:\Users\Kuba\Dropbox\Desktop\GRK_grim2\GRIM - codebase\obj\Debug\Tut 07 World Scene\link.4536-cvtres.read.1.tlog
C:\Users\Kuba\Dropbox\Desktop\GRK_grim2\GRIM - codebase\obj\Debug\Tut 07 World Scene\link.4536-cvtres.write.1.tlog
C:\Users\Kuba\Dropbox\Desktop\GRK_grim2\GRIM - codebase\obj\Debug\Tut 07 World Scene\link.4536-rc.read.1.tlog
C:\Users\Kuba\Dropbox\Desktop\GRK_grim2\GRIM - codebase\obj\Debug\Tut 07 World Scene\link.4536-rc.write.1.tlog
C:\Users\Kuba\Dropbox\Desktop\GRK_grim2\GRIM - codebase\obj\Debug\Tut 07 World Scene\link.4536.read.1.tlog
C:\Users\Kuba\Dropbox\Desktop\GRK_grim2\GRIM - codebase\obj\Debug\Tut 07 World Scene\link.4536.write.1.tlog
C:\Users\Kuba\Dropbox\Desktop\GRK_grim2\GRIM - codebase\obj\Debug\Tut 07 World Scene\link.4568-cvtres.read.1.tlog
C:\Users\Kuba\Dropbox\Desktop\GRK_grim2\GRIM - codebase\obj\Debug\Tut 07 World Scene\link.4568-cvtres.write.1.tlog
C:\Users\Kuba\Dropbox\Desktop\GRK_grim2\GRIM - codebase\obj\Debug\Tut 07 World Scene\link.4568-rc.read.1.tlog
C:\Users\Kuba\Dropbox\Desktop\GRK_grim2\GRIM - codebase\obj\Debug\Tut 07 World Scene\link.4568-rc.write.1.tlog
C:\Users\Kuba\Dropbox\Desktop\GRK_grim2\GRIM - codebase\obj\Debug\Tut 07 World Scene\link.4568.read.1.tlog
C:\Users\Kuba\Dropbox\Desktop\GRK_grim2\GRIM - codebase\obj\Debug\Tut 07 World Scene\link.4568.write.1.tlog
C:\Users\Kuba\Dropbox\Desktop\GRK_grim2\GRIM - codebase\obj\Debug\Tut 07 World Scene\link.4828-cvtres.read.1.tlog
C:\Users\Kuba\Dropbox\Desktop\GRK_grim2\GRIM - codebase\obj\Debug\Tut 07 World Scene\link.4828-cvtres.write.1.tlog
C:\Users\Kuba\Dropbox\Desktop\GRK_grim2\GRIM - codebase\obj\Debug\Tut 07 World Scene\link.4828-rc.read.1.tlog
C:\Users\Kuba\Dropbox\Desktop\GRK_grim2\GRIM - codebase\obj\Debug\Tut 07 World Scene\link.4828-rc.write.1.tlog
C:\Users\Kuba\Dropbox\Desktop\GRK_grim2\GRIM - codebase\obj\Debug\Tut 07 World Scene\link.4828.read.1.tlog
C:\Users\Kuba\Dropbox\Desktop\GRK_grim2\GRIM - codebase\obj\Debug\Tut 07 World Scene\link.4828.write.1.tlog
C:\Users\Kuba\Dropbox\Desktop\GRK_grim2\GRIM - codebase\obj\Debug\Tut 07 World Scene\link.4868-cvtres.read.1.tlog
C:\Users\Kuba\Dropbox\Desktop\GRK_grim2\GRIM - codebase\obj\Debug\Tut 07 World Scene\link.4868-cvtres.write.1.tlog
C:\Users\Kuba\Dropbox\Desktop\GRK_grim2\GRIM - codebase\obj\Debug\Tut 07 World Scene\link.4868-rc.read.1.tlog
C:\Users\Kuba\Dropbox\Desktop\GRK_grim2\GRIM - codebase\obj\Debug\Tut 07 World Scene\link.4868-rc.write.1.tlog
C:\Users\Kuba\Dropbox\Desktop\GRK_grim2\GRIM - codebase\obj\Debug\Tut 07 World Scene\link.4868.read.1.tlog
C:\Users\Kuba\Dropbox\Desktop\GRK_grim2\GRIM - codebase\obj\Debug\Tut 07 World Scene\link.4868.write.1.tlog
C:\Users\Kuba\Dropbox\Desktop\GRK_grim2\GRIM - codebase\obj\Debug\Tut 07 World Scene\link.4872-cvtres.read.1.tlog
C:\Users\Kuba\Dropbox\Desktop\GRK_grim2\GRIM - codebase\obj\Debug\Tut 07 World Scene\link.4872-cvtres.write.1.tlog
C:\Users\Kuba\Dropbox\Desktop\GRK_grim2\GRIM - codebase\obj\Debug\Tut 07 World Scene\link.4872-rc.read.1.tlog
C:\Users\Kuba\Dropbox\Desktop\GRK_grim2\GRIM - codebase\obj\Debug\Tut 07 World Scene\link.4872-rc.write.1.tlog
C:\Users\Kuba\Dropbox\Desktop\GRK_grim2\GRIM - codebase\obj\Debug\Tut 07 World Scene\link.4872.read.1.tlog
C:\Users\Kuba\Dropbox\Desktop\GRK_grim2\GRIM - codebase\obj\Debug\Tut 07 World Scene\link.4872.write.1.tlog
C:\Users\Kuba\Dropbox\Desktop\GRK_grim2\GRIM - codebase\obj\Debug\Tut 07 World Scene\link.5032-cvtres.read.1.tlog
C:\Users\Kuba\Dropbox\Desktop\GRK_grim2\GRIM - codebase\obj\Debug\Tut 07 World Scene\link.5032-cvtres.write.1.tlog
C:\Users\Kuba\Dropbox\Desktop\GRK_grim2\GRIM - codebase\obj\Debug\Tut 07 World Scene\link.5032-rc.read.1.tlog
C:\Users\Kuba\Dropbox\Desktop\GRK_grim2\GRIM - codebase\obj\Debug\Tut 07 World Scene\link.5032-rc.write.1.tlog
C:\Users\Kuba\Dropbox\Desktop\GRK_grim2\GRIM - codebase\obj\Debug\Tut 07 World Scene\link.5032.read.1.tlog
C:\Users\Kuba\Dropbox\Desktop\GRK_grim2\GRIM - codebase\obj\Debug\Tut 07 World Scene\link.5032.write.1.tlog
C:\Users\Kuba\Dropbox\Desktop\GRK_grim2\GRIM - codebase\obj\Debug\Tut 07 World Scene\link.5232-cvtres.read.1.tlog
C:\Users\Kuba\Dropbox\Desktop\GRK_grim2\GRIM - codebase\obj\Debug\Tut 07 World Scene\link.5232-cvtres.write.1.tlog
C:\Users\Kuba\Dropbox\Desktop\GRK_grim2\GRIM - codebase\obj\Debug\Tut 07 World Scene\link.5232-rc.read.1.tlog
C:\Users\Kuba\Dropbox\Desktop\GRK_grim2\GRIM - codebase\obj\Debug\Tut 07 World Scene\link.5232-rc.write.1.tlog
C:\Users\Kuba\Dropbox\Desktop\GRK_grim2\GRIM - codebase\obj\Debug\Tut 07 World Scene\link.5232.read.1.tlog
C:\Users\Kuba\Dropbox\Desktop\GRK_grim2\GRIM - codebase\obj\Debug\Tut 07 World Scene\link.5232.write.1.tlog
C:\Users\Kuba\Dropbox\Desktop\GRK_grim2\GRIM - codebase\obj\Debug\Tut 07 World Scene\link.5348-cvtres.read.1.tlog
C:\Users\Kuba\Dropbox\Desktop\GRK_grim2\GRIM - codebase\obj\Debug\Tut 07 World Scene\link.5348-cvtres.write.1.tlog
C:\Users\Kuba\Dropbox\Desktop\GRK_grim2\GRIM - codebase\obj\Debug\Tut 07 World Scene\link.5348-rc.read.1.tlog
C:\Users\Kuba\Dropbox\Desktop\GRK_grim2\GRIM - codebase\obj\Debug\Tut 07 World Scene\link.5348-rc.write.1.tlog
C:\Users\Kuba\Dropbox\Desktop\GRK_grim2\GRIM - codebase\obj\Debug\Tut 07 World Scene\link.5348.read.1.tlog
C:\Users\Kuba\Dropbox\Desktop\GRK_grim2\GRIM - codebase\obj\Debug\Tut 07 World Scene\link.5348.write.1.tlog
C:\Users\Kuba\Dropbox\Desktop\GRK_grim2\GRIM - codebase\obj\Debug\Tut 07 World Scene\link.5356-cvtres.read.1.tlog
C:\Users\Kuba\Dropbox\Desktop\GRK_grim2\GRIM - codebase\obj\Debug\Tut 07 World Scene\link.5356-cvtres.write.1.tlog
C:\Users\Kuba\Dropbox\Desktop\GRK_grim2\GRIM - codebase\obj\Debug\Tut 07 World Scene\link.5356-rc.read.1.tlog
C:\Users\Kuba\Dropbox\Desktop\GRK_grim2\GRIM - codebase\obj\Debug\Tut 07 World Scene\link.5356-rc.write.1.tlog
C:\Users\Kuba\Dropbox\Desktop\GRK_grim2\GRIM - codebase\obj\Debug\Tut 07 World Scene\link.5356.read.1.tlog
C:\Users\Kuba\Dropbox\Desktop\GRK_grim2\GRIM - codebase\obj\Debug\Tut 07 World Scene\link.5356.write.1.tlog
C:\Users\Kuba\Dropbox\Desktop\GRK_grim2\GRIM - codebase\obj\Debug\Tut 07 World Scene\link.5372-cvtres.read.1.tlog
C:\Users\Kuba\Dropbox\Desktop\GRK_grim2\GRIM - codebase\obj\Debug\Tut 07 World Scene\link.5372-cvtres.write.1.tlog
C:\Users\Kuba\Dropbox\Desktop\GRK_grim2\GRIM - codebase\obj\Debug\Tut 07 World Scene\link.5372-rc.read.1.tlog
C:\Users\Kuba\Dropbox\Desktop\GRK_grim2\GRIM - codebase\obj\Debug\Tut 07 World Scene\link.5372-rc.write.1.tlog
C:\Users\Kuba\Dropbox\Desktop\GRK_grim2\GRIM - codebase\obj\Debug\Tut 07 World Scene\link.5372.read.1.tlog
C:\Users\Kuba\Dropbox\Desktop\GRK_grim2\GRIM - codebase\obj\Debug\Tut 07 World Scene\link.5372.write.1.tlog
C:\Users\Kuba\Dropbox\Desktop\GRK_grim2\GRIM - codebase\obj\Debug\Tut 07 World Scene\link.5384-cvtres.read.1.tlog
C:\Users\Kuba\Dropbox\Desktop\GRK_grim2\GRIM - codebase\obj\Debug\Tut 07 World Scene\link.5384-cvtres.write.1.tlog
C:\Users\Kuba\Dropbox\Desktop\GRK_grim2\GRIM - codebase\obj\Debug\Tut 07 World Scene\link.5384-rc.read.1.tlog
C:\Users\Kuba\Dropbox\Desktop\GRK_grim2\GRIM - codebase\obj\Debug\Tut 07 World Scene\link.5384-rc.write.1.tlog
C:\Users\Kuba\Dropbox\Desktop\GRK_grim2\GRIM - codebase\obj\Debug\Tut 07 World Scene\link.5384.read.1.tlog
C:\Users\Kuba\Dropbox\Desktop\GRK_grim2\GRIM - codebase\obj\Debug\Tut 07 World Scene\link.5384.write.1.tlog
C:\Users\Kuba\Dropbox\Desktop\GRK_grim2\GRIM - codebase\obj\Debug\Tut 07 World Scene\link.5448-cvtres.read.1.tlog
C:\Users\Kuba\Dropbox\Desktop\GRK_grim2\GRIM - codebase\obj\Debug\Tut 07 World Scene\link.5448-cvtres.write.1.tlog
C:\Users\Kuba\Dropbox\Desktop\GRK_grim2\GRIM - codebase\obj\Debug\Tut 07 World Scene\link.5448-rc.read.1.tlog
C:\Users\Kuba\Dropbox\Desktop\GRK_grim2\GRIM - codebase\obj\Debug\Tut 07 World Scene\link.5448-rc.write.1.tlog
C:\Users\Kuba\Dropbox\Desktop\GRK_grim2\GRIM - codebase\obj\Debug\Tut 07 World Scene\link.5448.read.1.tlog
C:\Users\Kuba\Dropbox\Desktop\GRK_grim2\GRIM - codebase\obj\Debug\Tut 07 World Scene\link.5448.write.1.tlog
C:\Users\Kuba\Dropbox\Desktop\GRK_grim2\GRIM - codebase\obj\Debug\Tut 07 World Scene\link.5500-cvtres.read.1.tlog
C:\Users\Kuba\Dropbox\Desktop\GRK_grim2\GRIM - codebase\obj\Debug\Tut 07 World Scene\link.5500-cvtres.write.1.tlog
C:\Users\Kuba\Dropbox\Desktop\GRK_grim2\GRIM - codebase\obj\Debug\Tut 07 World Scene\link.5500-rc.read.1.tlog
C:\Users\Kuba\Dropbox\Desktop\GRK_grim2\GRIM - codebase\obj\Debug\Tut 07 World Scene\link.5500-rc.write.1.tlog
C:\Users\Kuba\Dropbox\Desktop\GRK_grim2\GRIM - codebase\obj\Debug\Tut 07 World Scene\link.5500.read.1.tlog
C:\Users\Kuba\Dropbox\Desktop\GRK_grim2\GRIM - codebase\obj\Debug\Tut 07 World Scene\link.5500.write.1.tlog
C:\Users\Kuba\Dropbox\Desktop\GRK_grim2\GRIM - codebase\obj\Debug\Tut 07 World Scene\link.5568-cvtres.read.1.tlog
C:\Users\Kuba\Dropbox\Desktop\GRK_grim2\GRIM - codebase\obj\Debug\Tut 07 World Scene\link.5568-cvtres.write.1.tlog
C:\Users\Kuba\Dropbox\Desktop\GRK_grim2\GRIM - codebase\obj\Debug\Tut 07 World Scene\link.5568-rc.read.1.tlog
C:\Users\Kuba\Dropbox\Desktop\GRK_grim2\GRIM - codebase\obj\Debug\Tut 07 World Scene\link.5568-rc.write.1.tlog
C:\Users\Kuba\Dropbox\Desktop\GRK_grim2\GRIM - codebase\obj\Debug\Tut 07 World Scene\link.5568.read.1.tlog
C:\Users\Kuba\Dropbox\Desktop\GRK_grim2\GRIM - codebase\obj\Debug\Tut 07 World Scene\link.5568.write.1.tlog
C:\Users\Kuba\Dropbox\Desktop\GRK_grim2\GRIM - codebase\obj\Debug\Tut 07 World Scene\link.5708-cvtres.read.1.tlog
C:\Users\Kuba\Dropbox\Desktop\GRK_grim2\GRIM - codebase\obj\Debug\Tut 07 World Scene\link.5708-cvtres.write.1.tlog
C:\Users\Kuba\Dropbox\Desktop\GRK_grim2\GRIM - codebase\obj\Debug\Tut 07 World Scene\link.5708-rc.read.1.tlog
C:\Users\Kuba\Dropbox\Desktop\GRK_grim2\GRIM - codebase\obj\Debug\Tut 07 World Scene\link.5708-rc.write.1.tlog
C:\Users\Kuba\Dropbox\Desktop\GRK_grim2\GRIM - codebase\obj\Debug\Tut 07 World Scene\link.5708.read.1.tlog
C:\Users\Kuba\Dropbox\Desktop\GRK_grim2\GRIM - codebase\obj\Debug\Tut 07 World Scene\link.5708.write.1.tlog
C:\Users\Kuba\Dropbox\Desktop\GRK_grim2\GRIM - codebase\obj\Debug\Tut 07 World Scene\link.5716-cvtres.read.1.tlog
C:\Users\Kuba\Dropbox\Desktop\GRK_grim2\GRIM - codebase\obj\Debug\Tut 07 World Scene\link.5716-cvtres.write.1.tlog
C:\Users\Kuba\Dropbox\Desktop\GRK_grim2\GRIM - codebase\obj\Debug\Tut 07 World Scene\link.5716-rc.read.1.tlog
C:\Users\Kuba\Dropbox\Desktop\GRK_grim2\GRIM - codebase\obj\Debug\Tut 07 World Scene\link.5716-rc.write.1.tlog
C:\Users\Kuba\Dropbox\Desktop\GRK_grim2\GRIM - codebase\obj\Debug\Tut 07 World Scene\link.5716.read.1.tlog
C:\Users\Kuba\Dropbox\Desktop\GRK_grim2\GRIM - codebase\obj\Debug\Tut 07 World Scene\link.5716.write.1.tlog
C:\Users\Kuba\Dropbox\Desktop\GRK_grim2\GRIM - codebase\obj\Debug\Tut 07 World Scene\link.5724-cvtres.read.1.tlog
C:\Users\Kuba\Dropbox\Desktop\GRK_grim2\GRIM - codebase\obj\Debug\Tut 07 World Scene\link.5724-cvtres.write.1.tlog
C:\Users\Kuba\Dropbox\Desktop\GRK_grim2\GRIM - codebase\obj\Debug\Tut 07 World Scene\link.5724-rc.read.1.tlog
C:\Users\Kuba\Dropbox\Desktop\GRK_grim2\GRIM - codebase\obj\Debug\Tut 07 World Scene\link.5724-rc.write.1.tlog
C:\Users\Kuba\Dropbox\Desktop\GRK_grim2\GRIM - codebase\obj\Debug\Tut 07 World Scene\link.5724.read.1.tlog
C:\Users\Kuba\Dropbox\Desktop\GRK_grim2\GRIM - codebase\obj\Debug\Tut 07 World Scene\link.5724.write.1.tlog
C:\Users\Kuba\Dropbox\Desktop\GRK_grim2\GRIM - codebase\obj\Debug\Tut 07 World Scene\link.6000-cvtres.read.1.tlog
C:\Users\Kuba\Dropbox\Desktop\GRK_grim2\GRIM - codebase\obj\Debug\Tut 07 World Scene\link.6000-cvtres.write.1.tlog
C:\Users\Kuba\Dropbox\Desktop\GRK_grim2\GRIM - codebase\obj\Debug\Tut 07 World Scene\link.6000-rc.read.1.tlog
C:\Users\Kuba\Dropbox\Desktop\GRK_grim2\GRIM - codebase\obj\Debug\Tut 07 World Scene\link.6000-rc.write.1.tlog
C:\Users\Kuba\Dropbox\Desktop\GRK_grim2\GRIM - codebase\obj\Debug\Tut 07 World Scene\link.6000.read.1.tlog
C:\Users\Kuba\Dropbox\Desktop\GRK_grim2\GRIM - codebase\obj\Debug\Tut 07 World Scene\link.6000.write.1.tlog
C:\Users\Kuba\Dropbox\Desktop\GRK_grim2\GRIM - codebase\obj\Debug\Tut 07 World Scene\link.6092-cvtres.read.1.tlog
C:\Users\Kuba\Dropbox\Desktop\GRK_grim2\GRIM - codebase\obj\Debug\Tut 07 World Scene\link.6092-cvtres.write.1.tlog
C:\Users\Kuba\Dropbox\Desktop\GRK_grim2\GRIM - codebase\obj\Debug\Tut 07 World Scene\link.6092-rc.read.1.tlog
C:\Users\Kuba\Dropbox\Desktop\GRK_grim2\GRIM - codebase\obj\Debug\Tut 07 World Scene\link.6092-rc.write.1.tlog
C:\Users\Kuba\Dropbox\Desktop\GRK_grim2\GRIM - codebase\obj\Debug\Tut 07 World Scene\link.6092.read.1.tlog
C:\Users\Kuba\Dropbox\Desktop\GRK_grim2\GRIM - codebase\obj\Debug\Tut 07 World Scene\link.6092.write.1.tlog
C:\Users\Kuba\Dropbox\Desktop\GRK_grim2\GRIM - codebase\obj\Debug\Tut 07 World Scene\link.6116-cvtres.read.1.tlog
C:\Users\Kuba\Dropbox\Desktop\GRK_grim2\GRIM - codebase\obj\Debug\Tut 07 World Scene\link.6116-cvtres.write.1.tlog
C:\Users\Kuba\Dropbox\Desktop\GRK_grim2\GRIM - codebase\obj\Debug\Tut 07 World Scene\link.6116-rc.read.1.tlog
C:\Users\Kuba\Dropbox\Desktop\GRK_grim2\GRIM - codebase\obj\Debug\Tut 07 World Scene\link.6116-rc.write.1.tlog
C:\Users\Kuba\Dropbox\Desktop\GRK_grim2\GRIM - codebase\obj\Debug\Tut 07 World Scene\link.6116.read.1.tlog
C:\Users\Kuba\Dropbox\Desktop\GRK_grim2\GRIM - codebase\obj\Debug\Tut 07 World Scene\link.6116.write.1.tlog
C:\Users\Kuba\Dropbox\Desktop\GRK_grim2\GRIM - codebase\obj\Debug\Tut 07 World Scene\link.6128-cvtres.read.1.tlog
C:\Users\Kuba\Dropbox\Desktop\GRK_grim2\GRIM - codebase\obj\Debug\Tut 07 World Scene\link.6128-cvtres.write.1.tlog
C:\Users\Kuba\Dropbox\Desktop\GRK_grim2\GRIM - codebase\obj\Debug\Tut 07 World Scene\link.6128-rc.read.1.tlog
C:\Users\Kuba\Dropbox\Desktop\GRK_grim2\GRIM - codebase\obj\Debug\Tut 07 World Scene\link.6128-rc.write.1.tlog
C:\Users\Kuba\Dropbox\Desktop\GRK_grim2\GRIM - codebase\obj\Debug\Tut 07 World Scene\link.6128.read.1.tlog
C:\Users\Kuba\Dropbox\Desktop\GRK_grim2\GRIM - codebase\obj\Debug\Tut 07 World Scene\link.6128.write.1.tlog
C:\Users\Kuba\Dropbox\Desktop\GRK_grim2\GRIM - codebase\obj\Debug\Tut 07 World Scene\link.6132-cvtres.read.1.tlog
C:\Users\Kuba\Dropbox\Desktop\GRK_grim2\GRIM - codebase\obj\Debug\Tut 07 World Scene\link.6132-cvtres.write.1.tlog
C:\Users\Kuba\Dropbox\Desktop\GRK_grim2\GRIM - codebase\obj\Debug\Tut 07 World Scene\link.6132-rc.read.1.tlog
C:\Users\Kuba\Dropbox\Desktop\GRK_grim2\GRIM - codebase\obj\Debug\Tut 07 World Scene\link.6132-rc.write.1.tlog
C:\Users\Kuba\Dropbox\Desktop\GRK_grim2\GRIM - codebase\obj\Debug\Tut 07 World Scene\link.6132.read.1.tlog
C:\Users\Kuba\Dropbox\Desktop\GRK_grim2\GRIM - codebase\obj\Debug\Tut 07 World Scene\link.6132.write.1.tlog
C:\Users\Kuba\Dropbox\Desktop\GRK_grim2\GRIM - codebase\obj\Debug\Tut 07 World Scene\link.6228-cvtres.read.1.tlog
C:\Users\Kuba\Dropbox\Desktop\GRK_grim2\GRIM - codebase\obj\Debug\Tut 07 World Scene\link.6228-cvtres.write.1.tlog
C:\Users\Kuba\Dropbox\Desktop\GRK_grim2\GRIM - codebase\obj\Debug\Tut 07 World Scene\link.6228-rc.read.1.tlog
C:\Users\Kuba\Dropbox\Desktop\GRK_grim2\GRIM - codebase\obj\Debug\Tut 07 World Scene\link.6228-rc.write.1.tlog
C:\Users\Kuba\Dropbox\Desktop\GRK_grim2\GRIM - codebase\obj\Debug\Tut 07 World Scene\link.6228.read.1.tlog
C:\Users\Kuba\Dropbox\Desktop\GRK_grim2\GRIM - codebase\obj\Debug\Tut 07 World Scene\link.6228.write.1.tlog
C:\Users\Kuba\Dropbox\Desktop\GRK_grim2\GRIM - codebase\obj\Debug\Tut 07 World Scene\link.6232-cvtres.read.1.tlog
C:\Users\Kuba\Dropbox\Desktop\GRK_grim2\GRIM - codebase\obj\Debug\Tut 07 World Scene\link.6232-cvtres.write.1.tlog
C:\Users\Kuba\Dropbox\Desktop\GRK_grim2\GRIM - codebase\obj\Debug\Tut 07 World Scene\link.6232-rc.read.1.tlog
C:\Users\Kuba\Dropbox\Desktop\GRK_grim2\GRIM - codebase\obj\Debug\Tut 07 World Scene\link.6232-rc.write.1.tlog
C:\Users\Kuba\Dropbox\Desktop\GRK_grim2\GRIM - codebase\obj\Debug\Tut 07 World Scene\link.6232.read.1.tlog
C:\Users\Kuba\Dropbox\Desktop\GRK_grim2\GRIM - codebase\obj\Debug\Tut 07 World Scene\link.6232.write.1.tlog
C:\Users\Kuba\Dropbox\Desktop\GRK_grim2\GRIM - codebase\obj\Debug\Tut 07 World Scene\link.6308-cvtres.read.1.tlog
C:\Users\Kuba\Dropbox\Desktop\GRK_grim2\GRIM - codebase\obj\Debug\Tut 07 World Scene\link.6308-cvtres.write.1.tlog
C:\Users\Kuba\Dropbox\Desktop\GRK_grim2\GRIM - codebase\obj\Debug\Tut 07 World Scene\link.6308-rc.read.1.tlog
C:\Users\Kuba\Dropbox\Desktop\GRK_grim2\GRIM - codebase\obj\Debug\Tut 07 World Scene\link.6308-rc.write.1.tlog
C:\Users\Kuba\Dropbox\Desktop\GRK_grim2\GRIM - codebase\obj\Debug\Tut 07 World Scene\link.6308.read.1.tlog
C:\Users\Kuba\Dropbox\Desktop\GRK_grim2\GRIM - codebase\obj\Debug\Tut 07 World Scene\link.6308.write.1.tlog
C:\Users\Kuba\Dropbox\Desktop\GRK_grim2\GRIM - codebase\obj\Debug\Tut 07 World Scene\link.644-cvtres.read.1.tlog
C:\Users\Kuba\Dropbox\Desktop\GRK_grim2\GRIM - codebase\obj\Debug\Tut 07 World Scene\link.644-cvtres.write.1.tlog
C:\Users\Kuba\Dropbox\Desktop\GRK_grim2\GRIM - codebase\obj\Debug\Tut 07 World Scene\link.644-rc.read.1.tlog
C:\Users\Kuba\Dropbox\Desktop\GRK_grim2\GRIM - codebase\obj\Debug\Tut 07 World Scene\link.644-rc.write.1.tlog
C:\Users\Kuba\Dropbox\Desktop\GRK_grim2\GRIM - codebase\obj\Debug\Tut 07 World Scene\link.644.read.1.tlog
C:\Users\Kuba\Dropbox\Desktop\GRK_grim2\GRIM - codebase\obj\Debug\Tut 07 World Scene\link.644.write.1.tlog
C:\Users\Kuba\Dropbox\Desktop\GRK_grim2\GRIM - codebase\obj\Debug\Tut 07 World Scene\link.6452-cvtres.read.1.tlog
C:\Users\Kuba\Dropbox\Desktop\GRK_grim2\GRIM - codebase\obj\Debug\Tut 07 World Scene\link.6452-cvtres.write.1.tlog
C:\Users\Kuba\Dropbox\Desktop\GRK_grim2\GRIM - codebase\obj\Debug\Tut 07 World Scene\link.6452-rc.read.1.tlog
C:\Users\Kuba\Dropbox\Desktop\GRK_grim2\GRIM - codebase\obj\Debug\Tut 07 World Scene\link.6452-rc.write.1.tlog
C:\Users\Kuba\Dropbox\Desktop\GRK_grim2\GRIM - codebase\obj\Debug\Tut 07 World Scene\link.6452.read.1.tlog
C:\Users\Kuba\Dropbox\Desktop\GRK_grim2\GRIM - codebase\obj\Debug\Tut 07 World Scene\link.6452.write.1.tlog
C:\Users\Kuba\Dropbox\Desktop\GRK_grim2\GRIM - codebase\obj\Debug\Tut 07 World Scene\link.6464-cvtres.read.1.tlog
C:\Users\Kuba\Dropbox\Desktop\GRK_grim2\GRIM - codebase\obj\Debug\Tut 07 World Scene\link.6464-cvtres.write.1.tlog
C:\Users\Kuba\Dropbox\Desktop\GRK_grim2\GRIM - codebase\obj\Debug\Tut 07 World Scene\link.6464-rc.read.1.tlog
C:\Users\Kuba\Dropbox\Desktop\GRK_grim2\GRIM - codebase\obj\Debug\Tut 07 World Scene\link.6464-rc.write.1.tlog
C:\Users\Kuba\Dropbox\Desktop\GRK_grim2\GRIM - codebase\obj\Debug\Tut 07 World Scene\link.6464.read.1.tlog
C:\Users\Kuba\Dropbox\Desktop\GRK_grim2\GRIM - codebase\obj\Debug\Tut 07 World Scene\link.6464.write.1.tlog
C:\Users\Kuba\Dropbox\Desktop\GRK_grim2\GRIM - codebase\obj\Debug\Tut 07 World Scene\link.6540-cvtres.read.1.tlog
C:\Users\Kuba\Dropbox\Desktop\GRK_grim2\GRIM - codebase\obj\Debug\Tut 07 World Scene\link.6540-cvtres.write.1.tlog
C:\Users\Kuba\Dropbox\Desktop\GRK_grim2\GRIM - codebase\obj\Debug\Tut 07 World Scene\link.6540-rc.read.1.tlog
C:\Users\Kuba\Dropbox\Desktop\GRK_grim2\GRIM - codebase\obj\Debug\Tut 07 World Scene\link.6540-rc.write.1.tlog
C:\Users\Kuba\Dropbox\Desktop\GRK_grim2\GRIM - codebase\obj\Debug\Tut 07 World Scene\link.6540.read.1.tlog
C:\Users\Kuba\Dropbox\Desktop\GRK_grim2\GRIM - codebase\obj\Debug\Tut 07 World Scene\link.6540.write.1.tlog
C:\Users\Kuba\Dropbox\Desktop\GRK_grim2\GRIM - codebase\obj\Debug\Tut 07 World Scene\link.6548-cvtres.read.1.tlog
C:\Users\Kuba\Dropbox\Desktop\GRK_grim2\GRIM - codebase\obj\Debug\Tut 07 World Scene\link.6548-cvtres.write.1.tlog
C:\Users\Kuba\Dropbox\Desktop\GRK_grim2\GRIM - codebase\obj\Debug\Tut 07 World Scene\link.6548-rc.read.1.tlog
C:\Users\Kuba\Dropbox\Desktop\GRK_grim2\GRIM - codebase\obj\Debug\Tut 07 World Scene\link.6548-rc.write.1.tlog
C:\Users\Kuba\Dropbox\Desktop\GRK_grim2\GRIM - codebase\obj\Debug\Tut 07 World Scene\link.6548.read.1.tlog
C:\Users\Kuba\Dropbox\Desktop\GRK_grim2\GRIM - codebase\obj\Debug\Tut 07 World Scene\link.6548.write.1.tlog
C:\Users\Kuba\Dropbox\Desktop\GRK_grim2\GRIM - codebase\obj\Debug\Tut 07 World Scene\link.6588-cvtres.read.1.tlog
C:\Users\Kuba\Dropbox\Desktop\GRK_grim2\GRIM - codebase\obj\Debug\Tut 07 World Scene\link.6588-cvtres.write.1.tlog
C:\Users\Kuba\Dropbox\Desktop\GRK_grim2\GRIM - codebase\obj\Debug\Tut 07 World Scene\link.6588-rc.read.1.tlog
C:\Users\Kuba\Dropbox\Desktop\GRK_grim2\GRIM - codebase\obj\Debug\Tut 07 World Scene\link.6588-rc.write.1.tlog
C:\Users\Kuba\Dropbox\Desktop\GRK_grim2\GRIM - codebase\obj\Debug\Tut 07 World Scene\link.6588.read.1.tlog
C:\Users\Kuba\Dropbox\Desktop\GRK_grim2\GRIM - codebase\obj\Debug\Tut 07 World Scene\link.6588.write.1.tlog
C:\Users\Kuba\Dropbox\Desktop\GRK_grim2\GRIM - codebase\obj\Debug\Tut 07 World Scene\link.6592-cvtres.read.1.tlog
C:\Users\Kuba\Dropbox\Desktop\GRK_grim2\GRIM - codebase\obj\Debug\Tut 07 World Scene\link.6592-cvtres.write.1.tlog
C:\Users\Kuba\Dropbox\Desktop\GRK_grim2\GRIM - codebase\obj\Debug\Tut 07 World Scene\link.6592-rc.read.1.tlog
C:\Users\Kuba\Dropbox\Desktop\GRK_grim2\GRIM - codebase\obj\Debug\Tut 07 World Scene\link.6592-rc.write.1.tlog
C:\Users\Kuba\Dropbox\Desktop\GRK_grim2\GRIM - codebase\obj\Debug\Tut 07 World Scene\link.6592.read.1.tlog
C:\Users\Kuba\Dropbox\Desktop\GRK_grim2\GRIM - codebase\obj\Debug\Tut 07 World Scene\link.6592.write.1.tlog
C:\Users\Kuba\Dropbox\Desktop\GRK_grim2\GRIM - codebase\obj\Debug\Tut 07 World Scene\link.6688-cvtres.read.1.tlog
C:\Users\Kuba\Dropbox\Desktop\GRK_grim2\GRIM - codebase\obj\Debug\Tut 07 World Scene\link.6688-cvtres.write.1.tlog
C:\Users\Kuba\Dropbox\Desktop\GRK_grim2\GRIM - codebase\obj\Debug\Tut 07 World Scene\link.6688-rc.read.1.tlog
C:\Users\Kuba\Dropbox\Desktop\GRK_grim2\GRIM - codebase\obj\Debug\Tut 07 World Scene\link.6688-rc.write.1.tlog
C:\Users\Kuba\Dropbox\Desktop\GRK_grim2\GRIM - codebase\obj\Debug\Tut 07 World Scene\link.6688.read.1.tlog
C:\Users\Kuba\Dropbox\Desktop\GRK_grim2\GRIM - codebase\obj\Debug\Tut 07 World Scene\link.6688.write.1.tlog
C:\Users\Kuba\Dropbox\Desktop\GRK_grim2\GRIM - codebase\obj\Debug\Tut 07 World Scene\link.6796-cvtres.read.1.tlog
C:\Users\Kuba\Dropbox\Desktop\GRK_grim2\GRIM - codebase\obj\Debug\Tut 07 World Scene\link.6796-cvtres.write.1.tlog
C:\Users\Kuba\Dropbox\Desktop\GRK_grim2\GRIM - codebase\obj\Debug\Tut 07 World Scene\link.6796-rc.read.1.tlog
C:\Users\Kuba\Dropbox\Desktop\GRK_grim2\GRIM - codebase\obj\Debug\Tut 07 World Scene\link.6796-rc.write.1.tlog
C:\Users\Kuba\Dropbox\Desktop\GRK_grim2\GRIM - codebase\obj\Debug\Tut 07 World Scene\link.6796.read.1.tlog
C:\Users\Kuba\Dropbox\Desktop\GRK_grim2\GRIM - codebase\obj\Debug\Tut 07 World Scene\link.6796.write.1.tlog
C:\Users\Kuba\Dropbox\Desktop\GRK_grim2\GRIM - codebase\obj\Debug\Tut 07 World Scene\link.6812-cvtres.read.1.tlog
C:\Users\Kuba\Dropbox\Desktop\GRK_grim2\GRIM - codebase\obj\Debug\Tut 07 World Scene\link.6812-cvtres.write.1.tlog
C:\Users\Kuba\Dropbox\Desktop\GRK_grim2\GRIM - codebase\obj\Debug\Tut 07 World Scene\link.6812-rc.read.1.tlog
C:\Users\Kuba\Dropbox\Desktop\GRK_grim2\GRIM - codebase\obj\Debug\Tut 07 World Scene\link.6812-rc.write.1.tlog
C:\Users\Kuba\Dropbox\Desktop\GRK_grim2\GRIM - codebase\obj\Debug\Tut 07 World Scene\link.6812.read.1.tlog
C:\Users\Kuba\Dropbox\Desktop\GRK_grim2\GRIM - codebase\obj\Debug\Tut 07 World Scene\link.6812.write.1.tlog
C:\Users\Kuba\Dropbox\Desktop\GRK_grim2\GRIM - codebase\obj\Debug\Tut 07 World Scene\link.6828-cvtres.read.1.tlog
C:\Users\Kuba\Dropbox\Desktop\GRK_grim2\GRIM - codebase\obj\Debug\Tut 07 World Scene\link.6828-cvtres.write.1.tlog
C:\Users\Kuba\Dropbox\Desktop\GRK_grim2\GRIM - codebase\obj\Debug\Tut 07 World Scene\link.6828-rc.read.1.tlog
C:\Users\Kuba\Dropbox\Desktop\GRK_grim2\GRIM - codebase\obj\Debug\Tut 07 World Scene\link.6828-rc.write.1.tlog
C:\Users\Kuba\Dropbox\Desktop\GRK_grim2\GRIM - codebase\obj\Debug\Tut 07 World Scene\link.6828.read.1.tlog
C:\Users\Kuba\Dropbox\Desktop\GRK_grim2\GRIM - codebase\obj\Debug\Tut 07 World Scene\link.6828.write.1.tlog
C:\Users\Kuba\Dropbox\Desktop\GRK_grim2\GRIM - codebase\obj\Debug\Tut 07 World Scene\link.6836-cvtres.read.1.tlog
C:\Users\Kuba\Dropbox\Desktop\GRK_grim2\GRIM - codebase\obj\Debug\Tut 07 World Scene\link.6836-cvtres.write.1.tlog
C:\Users\Kuba\Dropbox\Desktop\GRK_grim2\GRIM - codebase\obj\Debug\Tut 07 World Scene\link.6836-rc.read.1.tlog
C:\Users\Kuba\Dropbox\Desktop\GRK_grim2\GRIM - codebase\obj\Debug\Tut 07 World Scene\link.6836-rc.write.1.tlog
C:\Users\Kuba\Dropbox\Desktop\GRK_grim2\GRIM - codebase\obj\Debug\Tut 07 World Scene\link.6836.read.1.tlog
C:\Users\Kuba\Dropbox\Desktop\GRK_grim2\GRIM - codebase\obj\Debug\Tut 07 World Scene\link.6836.write.1.tlog
C:\Users\Kuba\Dropbox\Desktop\GRK_grim2\GRIM - codebase\obj\Debug\Tut 07 World Scene\link.6868-cvtres.read.1.tlog
C:\Users\Kuba\Dropbox\Desktop\GRK_grim2\GRIM - codebase\obj\Debug\Tut 07 World Scene\link.6868-cvtres.write.1.tlog
C:\Users\Kuba\Dropbox\Desktop\GRK_grim2\GRIM - codebase\obj\Debug\Tut 07 World Scene\link.6868-rc.read.1.tlog
C:\Users\Kuba\Dropbox\Desktop\GRK_grim2\GRIM - codebase\obj\Debug\Tut 07 World Scene\link.6868-rc.write.1.tlog
C:\Users\Kuba\Dropbox\Desktop\GRK_grim2\GRIM - codebase\obj\Debug\Tut 07 World Scene\link.6868.read.1.tlog
C:\Users\Kuba\Dropbox\Desktop\GRK_grim2\GRIM - codebase\obj\Debug\Tut 07 World Scene\link.6868.write.1.tlog
C:\Users\Kuba\Dropbox\Desktop\GRK_grim2\GRIM - codebase\obj\Debug\Tut 07 World Scene\link.6876-cvtres.read.1.tlog
C:\Users\Kuba\Dropbox\Desktop\GRK_grim2\GRIM - codebase\obj\Debug\Tut 07 World Scene\link.6876-cvtres.write.1.tlog
C:\Users\Kuba\Dropbox\Desktop\GRK_grim2\GRIM - codebase\obj\Debug\Tut 07 World Scene\link.6876-rc.read.1.tlog
C:\Users\Kuba\Dropbox\Desktop\GRK_grim2\GRIM - codebase\obj\Debug\Tut 07 World Scene\link.6876-rc.write.1.tlog
C:\Users\Kuba\Dropbox\Desktop\GRK_grim2\GRIM - codebase\obj\Debug\Tut 07 World Scene\link.6876.read.1.tlog
C:\Users\Kuba\Dropbox\Desktop\GRK_grim2\GRIM - codebase\obj\Debug\Tut 07 World Scene\link.6876.write.1.tlog
C:\Users\Kuba\Dropbox\Desktop\GRK_grim2\GRIM - codebase\obj\Debug\Tut 07 World Scene\link.6992-cvtres.read.1.tlog
C:\Users\Kuba\Dropbox\Desktop\GRK_grim2\GRIM - codebase\obj\Debug\Tut 07 World Scene\link.6992-cvtres.write.1.tlog
C:\Users\Kuba\Dropbox\Desktop\GRK_grim2\GRIM - codebase\obj\Debug\Tut 07 World Scene\link.6992-rc.read.1.tlog
C:\Users\Kuba\Dropbox\Desktop\GRK_grim2\GRIM - codebase\obj\Debug\Tut 07 World Scene\link.6992-rc.write.1.tlog
C:\Users\Kuba\Dropbox\Desktop\GRK_grim2\GRIM - codebase\obj\Debug\Tut 07 World Scene\link.6992.read.1.tlog
C:\Users\Kuba\Dropbox\Desktop\GRK_grim2\GRIM - codebase\obj\Debug\Tut 07 World Scene\link.6992.write.1.tlog
C:\Users\Kuba\Dropbox\Desktop\GRK_grim2\GRIM - codebase\obj\Debug\Tut 07 World Scene\link.7016-cvtres.read.1.tlog
C:\Users\Kuba\Dropbox\Desktop\GRK_grim2\GRIM - codebase\obj\Debug\Tut 07 World Scene\link.7016-cvtres.write.1.tlog
C:\Users\Kuba\Dropbox\Desktop\GRK_grim2\GRIM - codebase\obj\Debug\Tut 07 World Scene\link.7016-rc.read.1.tlog
C:\Users\Kuba\Dropbox\Desktop\GRK_grim2\GRIM - codebase\obj\Debug\Tut 07 World Scene\link.7016-rc.write.1.tlog
C:\Users\Kuba\Dropbox\Desktop\GRK_grim2\GRIM - codebase\obj\Debug\Tut 07 World Scene\link.7016.read.1.tlog
C:\Users\Kuba\Dropbox\Desktop\GRK_grim2\GRIM - codebase\obj\Debug\Tut 07 World Scene\link.7016.write.1.tlog
C:\Users\Kuba\Dropbox\Desktop\GRK_grim2\GRIM - codebase\obj\Debug\Tut 07 World Scene\link.7076-cvtres.read.1.tlog
C:\Users\Kuba\Dropbox\Desktop\GRK_grim2\GRIM - codebase\obj\Debug\Tut 07 World Scene\link.7076-cvtres.write.1.tlog
C:\Users\Kuba\Dropbox\Desktop\GRK_grim2\GRIM - codebase\obj\Debug\Tut 07 World Scene\link.7076-rc.read.1.tlog
C:\Users\Kuba\Dropbox\Desktop\GRK_grim2\GRIM - codebase\obj\Debug\Tut 07 World Scene\link.7076-rc.write.1.tlog
C:\Users\Kuba\Dropbox\Desktop\GRK_grim2\GRIM - codebase\obj\Debug\Tut 07 World Scene\link.7076.read.1.tlog
C:\Users\Kuba\Dropbox\Desktop\GRK_grim2\GRIM - codebase\obj\Debug\Tut 07 World Scene\link.7076.write.1.tlog
C:\Users\Kuba\Dropbox\Desktop\GRK_grim2\GRIM - codebase\obj\Debug\Tut 07 World Scene\link.7084-cvtres.read.1.tlog
C:\Users\Kuba\Dropbox\Desktop\GRK_grim2\GRIM - codebase\obj\Debug\Tut 07 World Scene\link.7084-cvtres.write.1.tlog
C:\Users\Kuba\Dropbox\Desktop\GRK_grim2\GRIM - codebase\obj\Debug\Tut 07 World Scene\link.7084-rc.read.1.tlog
C:\Users\Kuba\Dropbox\Desktop\GRK_grim2\GRIM - codebase\obj\Debug\Tut 07 World Scene\link.7084-rc.write.1.tlog
C:\Users\Kuba\Dropbox\Desktop\GRK_grim2\GRIM - codebase\obj\Debug\Tut 07 World Scene\link.7084.read.1.tlog
C:\Users\Kuba\Dropbox\Desktop\GRK_grim2\GRIM - codebase\obj\Debug\Tut 07 World Scene\link.7084.write.1.tlog
C:\Users\Kuba\Dropbox\Desktop\GRK_grim2\GRIM - codebase\obj\Debug\Tut 07 World Scene\link.7116-cvtres.read.1.tlog
C:\Users\Kuba\Dropbox\Desktop\GRK_grim2\GRIM - codebase\obj\Debug\Tut 07 World Scene\link.7116-cvtres.write.1.tlog
C:\Users\Kuba\Dropbox\Desktop\GRK_grim2\GRIM - codebase\obj\Debug\Tut 07 World Scene\link.7116-rc.read.1.tlog
C:\Users\Kuba\Dropbox\Desktop\GRK_grim2\GRIM - codebase\obj\Debug\Tut 07 World Scene\link.7116-rc.write.1.tlog
C:\Users\Kuba\Dropbox\Desktop\GRK_grim2\GRIM - codebase\obj\Debug\Tut 07 World Scene\link.7116.read.1.tlog
C:\Users\Kuba\Dropbox\Desktop\GRK_grim2\GRIM - codebase\obj\Debug\Tut 07 World Scene\link.7116.write.1.tlog
C:\Users\Kuba\Dropbox\Desktop\GRK_grim2\GRIM - codebase\obj\Debug\Tut 07 World Scene\link.7280-cvtres.read.1.tlog
C:\Users\Kuba\Dropbox\Desktop\GRK_grim2\GRIM - codebase\obj\Debug\Tut 07 World Scene\link.7280-cvtres.write.1.tlog
C:\Users\Kuba\Dropbox\Desktop\GRK_grim2\GRIM - codebase\obj\Debug\Tut 07 World Scene\link.7280-rc.read.1.tlog
C:\Users\Kuba\Dropbox\Desktop\GRK_grim2\GRIM - codebase\obj\Debug\Tut 07 World Scene\link.7280-rc.write.1.tlog
C:\Users\Kuba\Dropbox\Desktop\GRK_grim2\GRIM - codebase\obj\Debug\Tut 07 World Scene\link.7280.read.1.tlog
C:\Users\Kuba\Dropbox\Desktop\GRK_grim2\GRIM - codebase\obj\Debug\Tut 07 World Scene\link.7280.write.1.tlog
C:\Users\Kuba\Dropbox\Desktop\GRK_grim2\GRIM - codebase\obj\Debug\Tut 07 World Scene\link.7344-cvtres.read.1.tlog
C:\Users\Kuba\Dropbox\Desktop\GRK_grim2\GRIM - codebase\obj\Debug\Tut 07 World Scene\link.7344-cvtres.write.1.tlog
C:\Users\Kuba\Dropbox\Desktop\GRK_grim2\GRIM - codebase\obj\Debug\Tut 07 World Scene\link.7344-rc.read.1.tlog
C:\Users\Kuba\Dropbox\Desktop\GRK_grim2\GRIM - codebase\obj\Debug\Tut 07 World Scene\link.7344-rc.write.1.tlog
C:\Users\Kuba\Dropbox\Desktop\GRK_grim2\GRIM - codebase\obj\Debug\Tut 07 World Scene\link.7344.read.1.tlog
C:\Users\Kuba\Dropbox\Desktop\GRK_grim2\GRIM - codebase\obj\Debug\Tut 07 World Scene\link.7344.write.1.tlog
C:\Users\Kuba\Dropbox\Desktop\GRK_grim2\GRIM - codebase\obj\Debug\Tut 07 World Scene\link.7356-cvtres.read.1.tlog
C:\Users\Kuba\Dropbox\Desktop\GRK_grim2\GRIM - codebase\obj\Debug\Tut 07 World Scene\link.7356-cvtres.write.1.tlog
C:\Users\Kuba\Dropbox\Desktop\GRK_grim2\GRIM - codebase\obj\Debug\Tut 07 World Scene\link.7356-rc.read.1.tlog
C:\Users\Kuba\Dropbox\Desktop\GRK_grim2\GRIM - codebase\obj\Debug\Tut 07 World Scene\link.7356-rc.write.1.tlog
C:\Users\Kuba\Dropbox\Desktop\GRK_grim2\GRIM - codebase\obj\Debug\Tut 07 World Scene\link.7356.read.1.tlog
C:\Users\Kuba\Dropbox\Desktop\GRK_grim2\GRIM - codebase\obj\Debug\Tut 07 World Scene\link.7356.write.1.tlog
C:\Users\Kuba\Dropbox\Desktop\GRK_grim2\GRIM - codebase\obj\Debug\Tut 07 World Scene\link.7404-cvtres.read.1.tlog
C:\Users\Kuba\Dropbox\Desktop\GRK_grim2\GRIM - codebase\obj\Debug\Tut 07 World Scene\link.7404-cvtres.write.1.tlog
C:\Users\Kuba\Dropbox\Desktop\GRK_grim2\GRIM - codebase\obj\Debug\Tut 07 World Scene\link.7404-rc.read.1.tlog
C:\Users\Kuba\Dropbox\Desktop\GRK_grim2\GRIM - codebase\obj\Debug\Tut 07 World Scene\link.7404-rc.write.1.tlog
C:\Users\Kuba\Dropbox\Desktop\GRK_grim2\GRIM - codebase\obj\Debug\Tut 07 World Scene\link.7404.read.1.tlog
C:\Users\Kuba\Dropbox\Desktop\GRK_grim2\GRIM - codebase\obj\Debug\Tut 07 World Scene\link.7404.write.1.tlog
C:\Users\Kuba\Dropbox\Desktop\GRK_grim2\GRIM - codebase\obj\Debug\Tut 07 World Scene\link.7456-cvtres.read.1.tlog
C:\Users\Kuba\Dropbox\Desktop\GRK_grim2\GRIM - codebase\obj\Debug\Tut 07 World Scene\link.7456-cvtres.write.1.tlog
C:\Users\Kuba\Dropbox\Desktop\GRK_grim2\GRIM - codebase\obj\Debug\Tut 07 World Scene\link.7456-rc.read.1.tlog
C:\Users\Kuba\Dropbox\Desktop\GRK_grim2\GRIM - codebase\obj\Debug\Tut 07 World Scene\link.7456-rc.write.1.tlog
C:\Users\Kuba\Dropbox\Desktop\GRK_grim2\GRIM - codebase\obj\Debug\Tut 07 World Scene\link.7456.read.1.tlog
C:\Users\Kuba\Dropbox\Desktop\GRK_grim2\GRIM - codebase\obj\Debug\Tut 07 World Scene\link.7456.write.1.tlog
C:\Users\Kuba\Dropbox\Desktop\GRK_grim2\GRIM - codebase\obj\Debug\Tut 07 World Scene\link.7600-cvtres.read.1.tlog
C:\Users\Kuba\Dropbox\Desktop\GRK_grim2\GRIM - codebase\obj\Debug\Tut 07 World Scene\link.7600-cvtres.write.1.tlog
C:\Users\Kuba\Dropbox\Desktop\GRK_grim2\GRIM - codebase\obj\Debug\Tut 07 World Scene\link.7600-rc.read.1.tlog
C:\Users\Kuba\Dropbox\Desktop\GRK_grim2\GRIM - codebase\obj\Debug\Tut 07 World Scene\link.7600-rc.write.1.tlog
C:\Users\Kuba\Dropbox\Desktop\GRK_grim2\GRIM - codebase\obj\Debug\Tut 07 World Scene\link.7600.read.1.tlog
C:\Users\Kuba\Dropbox\Desktop\GRK_grim2\GRIM - codebase\obj\Debug\Tut 07 World Scene\link.7600.write.1.tlog
C:\Users\Kuba\Dropbox\Desktop\GRK_grim2\GRIM - codebase\obj\Debug\Tut 07 World Scene\link.7628-cvtres.read.1.tlog
C:\Users\Kuba\Dropbox\Desktop\GRK_grim2\GRIM - codebase\obj\Debug\Tut 07 World Scene\link.7628-cvtres.write.1.tlog
C:\Users\Kuba\Dropbox\Desktop\GRK_grim2\GRIM - codebase\obj\Debug\Tut 07 World Scene\link.7628-rc.read.1.tlog
C:\Users\Kuba\Dropbox\Desktop\GRK_grim2\GRIM - codebase\obj\Debug\Tut 07 World Scene\link.7628-rc.write.1.tlog
C:\Users\Kuba\Dropbox\Desktop\GRK_grim2\GRIM - codebase\obj\Debug\Tut 07 World Scene\link.7628.read.1.tlog
C:\Users\Kuba\Dropbox\Desktop\GRK_grim2\GRIM - codebase\obj\Debug\Tut 07 World Scene\link.7628.write.1.tlog
C:\Users\Kuba\Dropbox\Desktop\GRK_grim2\GRIM - codebase\obj\Debug\Tut 07 World Scene\link.7700-cvtres.read.1.tlog
C:\Users\Kuba\Dropbox\Desktop\GRK_grim2\GRIM - codebase\obj\Debug\Tut 07 World Scene\link.7700-cvtres.write.1.tlog
C:\Users\Kuba\Dropbox\Desktop\GRK_grim2\GRIM - codebase\obj\Debug\Tut 07 World Scene\link.7700-rc.read.1.tlog
C:\Users\Kuba\Dropbox\Desktop\GRK_grim2\GRIM - codebase\obj\Debug\Tut 07 World Scene\link.7700-rc.write.1.tlog
C:\Users\Kuba\Dropbox\Desktop\GRK_grim2\GRIM - codebase\obj\Debug\Tut 07 World Scene\link.7700.read.1.tlog
C:\Users\Kuba\Dropbox\Desktop\GRK_grim2\GRIM - codebase\obj\Debug\Tut 07 World Scene\link.7700.write.1.tlog
C:\Users\Kuba\Dropbox\Desktop\GRK_grim2\GRIM - codebase\obj\Debug\Tut 07 World Scene\link.7724-cvtres.read.1.tlog
C:\Users\Kuba\Dropbox\Desktop\GRK_grim2\GRIM - codebase\obj\Debug\Tut 07 World Scene\link.7724-cvtres.write.1.tlog
C:\Users\Kuba\Dropbox\Desktop\GRK_grim2\GRIM - codebase\obj\Debug\Tut 07 World Scene\link.7724-rc.read.1.tlog
C:\Users\Kuba\Dropbox\Desktop\GRK_grim2\GRIM - codebase\obj\Debug\Tut 07 World Scene\link.7724-rc.write.1.tlog
C:\Users\Kuba\Dropbox\Desktop\GRK_grim2\GRIM - codebase\obj\Debug\Tut 07 World Scene\link.7724.read.1.tlog
C:\Users\Kuba\Dropbox\Desktop\GRK_grim2\GRIM - codebase\obj\Debug\Tut 07 World Scene\link.7724.write.1.tlog
C:\Users\Kuba\Dropbox\Desktop\GRK_grim2\GRIM - codebase\obj\Debug\Tut 07 World Scene\link.7756-cvtres.read.1.tlog
C:\Users\Kuba\Dropbox\Desktop\GRK_grim2\GRIM - codebase\obj\Debug\Tut 07 World Scene\link.7756-cvtres.write.1.tlog
C:\Users\Kuba\Dropbox\Desktop\GRK_grim2\GRIM - codebase\obj\Debug\Tut 07 World Scene\link.7756-rc.read.1.tlog
C:\Users\Kuba\Dropbox\Desktop\GRK_grim2\GRIM - codebase\obj\Debug\Tut 07 World Scene\link.7756-rc.write.1.tlog
C:\Users\Kuba\Dropbox\Desktop\GRK_grim2\GRIM - codebase\obj\Debug\Tut 07 World Scene\link.7756.read.1.tlog
C:\Users\Kuba\Dropbox\Desktop\GRK_grim2\GRIM - codebase\obj\Debug\Tut 07 World Scene\link.7756.write.1.tlog
C:\Users\Kuba\Dropbox\Desktop\GRK_grim2\GRIM - codebase\obj\Debug\Tut 07 World Scene\link.7780-cvtres.read.1.tlog
C:\Users\Kuba\Dropbox\Desktop\GRK_grim2\GRIM - codebase\obj\Debug\Tut 07 World Scene\link.7780-cvtres.write.1.tlog
C:\Users\Kuba\Dropbox\Desktop\GRK_grim2\GRIM - codebase\obj\Debug\Tut 07 World Scene\link.7780-rc.read.1.tlog
C:\Users\Kuba\Dropbox\Desktop\GRK_grim2\GRIM - codebase\obj\Debug\Tut 07 World Scene\link.7780-rc.write.1.tlog
C:\Users\Kuba\Dropbox\Desktop\GRK_grim2\GRIM - codebase\obj\Debug\Tut 07 World Scene\link.7780.read.1.tlog
C:\Users\Kuba\Dropbox\Desktop\GRK_grim2\GRIM - codebase\obj\Debug\Tut 07 World Scene\link.7780.write.1.tlog
C:\Users\Kuba\Dropbox\Desktop\GRK_grim2\GRIM - codebase\obj\Debug\Tut 07 World Scene\link.7876-cvtres.read.1.tlog
C:\Users\Kuba\Dropbox\Desktop\GRK_grim2\GRIM - codebase\obj\Debug\Tut 07 World Scene\link.7876-cvtres.write.1.tlog
C:\Users\Kuba\Dropbox\Desktop\GRK_grim2\GRIM - codebase\obj\Debug\Tut 07 World Scene\link.7876-rc.read.1.tlog
C:\Users\Kuba\Dropbox\Desktop\GRK_grim2\GRIM - codebase\obj\Debug\Tut 07 World Scene\link.7876-rc.write.1.tlog
C:\Users\Kuba\Dropbox\Desktop\GRK_grim2\GRIM - codebase\obj\Debug\Tut 07 World Scene\link.7876.read.1.tlog
C:\Users\Kuba\Dropbox\Desktop\GRK_grim2\GRIM - codebase\obj\Debug\Tut 07 World Scene\link.7876.write.1.tlog
C:\Users\Kuba\Dropbox\Desktop\GRK_grim2\GRIM - codebase\obj\Debug\Tut 07 World Scene\link.7912-cvtres.read.1.tlog
C:\Users\Kuba\Dropbox\Desktop\GRK_grim2\GRIM - codebase\obj\Debug\Tut 07 World Scene\link.7912-cvtres.write.1.tlog
C:\Users\Kuba\Dropbox\Desktop\GRK_grim2\GRIM - codebase\obj\Debug\Tut 07 World Scene\link.7912-rc.read.1.tlog
C:\Users\Kuba\Dropbox\Desktop\GRK_grim2\GRIM - codebase\obj\Debug\Tut 07 World Scene\link.7912-rc.write.1.tlog
C:\Users\Kuba\Dropbox\Desktop\GRK_grim2\GRIM - codebase\obj\Debug\Tut 07 World Scene\link.7912.read.1.tlog
C:\Users\Kuba\Dropbox\Desktop\GRK_grim2\GRIM - codebase\obj\Debug\Tut 07 World Scene\link.7912.write.1.tlog
C:\Users\Kuba\Dropbox\Desktop\GRK_grim2\GRIM - codebase\obj\Debug\Tut 07 World Scene\link.7972-cvtres.read.1.tlog
C:\Users\Kuba\Dropbox\Desktop\GRK_grim2\GRIM - codebase\obj\Debug\Tut 07 World Scene\link.7972-cvtres.write.1.tlog
C:\Users\Kuba\Dropbox\Desktop\GRK_grim2\GRIM - codebase\obj\Debug\Tut 07 World Scene\link.7972-rc.read.1.tlog
C:\Users\Kuba\Dropbox\Desktop\GRK_grim2\GRIM - codebase\obj\Debug\Tut 07 World Scene\link.7972-rc.write.1.tlog
C:\Users\Kuba\Dropbox\Desktop\GRK_grim2\GRIM - codebase\obj\Debug\Tut 07 World Scene\link.7972.read.1.tlog
C:\Users\Kuba\Dropbox\Desktop\GRK_grim2\GRIM - codebase\obj\Debug\Tut 07 World Scene\link.7972.write.1.tlog
C:\Users\Kuba\Dropbox\Desktop\GRK_grim2\GRIM - codebase\obj\Debug\Tut 07 World Scene\link.7988-cvtres.read.1.tlog
C:\Users\Kuba\Dropbox\Desktop\GRK_grim2\GRIM - codebase\obj\Debug\Tut 07 World Scene\link.7988-cvtres.write.1.tlog
C:\Users\Kuba\Dropbox\Desktop\GRK_grim2\GRIM - codebase\obj\Debug\Tut 07 World Scene\link.7988-rc.read.1.tlog
C:\Users\Kuba\Dropbox\Desktop\GRK_grim2\GRIM - codebase\obj\Debug\Tut 07 World Scene\link.7988-rc.write.1.tlog
C:\Users\Kuba\Dropbox\Desktop\GRK_grim2\GRIM - codebase\obj\Debug\Tut 07 World Scene\link.7988.read.1.tlog
C:\Users\Kuba\Dropbox\Desktop\GRK_grim2\GRIM - codebase\obj\Debug\Tut 07 World Scene\link.7988.write.1.tlog
C:\Users\Kuba\Dropbox\Desktop\GRK_grim2\GRIM - codebase\obj\Debug\Tut 07 World Scene\link.8016-cvtres.read.1.tlog
C:\Users\Kuba\Dropbox\Desktop\GRK_grim2\GRIM - codebase\obj\Debug\Tut 07 World Scene\link.8016-cvtres.write.1.tlog
C:\Users\Kuba\Dropbox\Desktop\GRK_grim2\GRIM - codebase\obj\Debug\Tut 07 World Scene\link.8016-rc.read.1.tlog
C:\Users\Kuba\Dropbox\Desktop\GRK_grim2\GRIM - codebase\obj\Debug\Tut 07 World Scene\link.8016-rc.write.1.tlog
C:\Users\Kuba\Dropbox\Desktop\GRK_grim2\GRIM - codebase\obj\Debug\Tut 07 World Scene\link.8016.read.1.tlog
C:\Users\Kuba\Dropbox\Desktop\GRK_grim2\GRIM - codebase\obj\Debug\Tut 07 World Scene\link.8016.write.1.tlog
C:\Users\Kuba\Dropbox\Desktop\GRK_grim2\GRIM - codebase\obj\Debug\Tut 07 World Scene\link.8064-cvtres.read.1.tlog
C:\Users\Kuba\Dropbox\Desktop\GRK_grim2\GRIM - codebase\obj\Debug\Tut 07 World Scene\link.8064-cvtres.write.1.tlog
C:\Users\Kuba\Dropbox\Desktop\GRK_grim2\GRIM - codebase\obj\Debug\Tut 07 World Scene\link.8064-rc.read.1.tlog
C:\Users\Kuba\Dropbox\Desktop\GRK_grim2\GRIM - codebase\obj\Debug\Tut 07 World Scene\link.8064-rc.write.1.tlog
C:\Users\Kuba\Dropbox\Desktop\GRK_grim2\GRIM - codebase\obj\Debug\Tut 07 World Scene\link.8064.read.1.tlog
C:\Users\Kuba\Dropbox\Desktop\GRK_grim2\GRIM - codebase\obj\Debug\Tut 07 World Scene\link.8064.write.1.tlog
C:\Users\Kuba\Dropbox\Desktop\GRK_grim2\GRIM - codebase\obj\Debug\Tut 07 World Scene\link.8088-cvtres.read.1.tlog
C:\Users\Kuba\Dropbox\Desktop\GRK_grim2\GRIM - codebase\obj\Debug\Tut 07 World Scene\link.8088-cvtres.write.1.tlog
C:\Users\Kuba\Dropbox\Desktop\GRK_grim2\GRIM - codebase\obj\Debug\Tut 07 World Scene\link.8088-rc.read.1.tlog
C:\Users\Kuba\Dropbox\Desktop\GRK_grim2\GRIM - codebase\obj\Debug\Tut 07 World Scene\link.8088-rc.write.1.tlog
C:\Users\Kuba\Dropbox\Desktop\GRK_grim2\GRIM - codebase\obj\Debug\Tut 07 World Scene\link.8088.read.1.tlog
C:\Users\Kuba\Dropbox\Desktop\GRK_grim2\GRIM - codebase\obj\Debug\Tut 07 World Scene\link.8088.write.1.tlog
C:\Users\Kuba\Dropbox\Desktop\GRK_grim2\GRIM - codebase\obj\Debug\Tut 07 World Scene\link.8276-cvtres.read.1.tlog
C:\Users\Kuba\Dropbox\Desktop\GRK_grim2\GRIM - codebase\obj\Debug\Tut 07 World Scene\link.8276-cvtres.write.1.tlog
C:\Users\Kuba\Dropbox\Desktop\GRK_grim2\GRIM - codebase\obj\Debug\Tut 07 World Scene\link.8276-rc.read.1.tlog
C:\Users\Kuba\Dropbox\Desktop\GRK_grim2\GRIM - codebase\obj\Debug\Tut 07 World Scene\link.8276-rc.write.1.tlog
C:\Users\Kuba\Dropbox\Desktop\GRK_grim2\GRIM - codebase\obj\Debug\Tut 07 World Scene\link.8276.read.1.tlog
C:\Users\Kuba\Dropbox\Desktop\GRK_grim2\GRIM - codebase\obj\Debug\Tut 07 World Scene\link.8276.write.1.tlog
C:\Users\Kuba\Dropbox\Desktop\GRK_grim2\GRIM - codebase\obj\Debug\Tut 07 World Scene\link.8332-cvtres.read.1.tlog
C:\Users\Kuba\Dropbox\Desktop\GRK_grim2\GRIM - codebase\obj\Debug\Tut 07 World Scene\link.8332-cvtres.write.1.tlog
C:\Users\Kuba\Dropbox\Desktop\GRK_grim2\GRIM - codebase\obj\Debug\Tut 07 World Scene\link.8332-rc.read.1.tlog
C:\Users\Kuba\Dropbox\Desktop\GRK_grim2\GRIM - codebase\obj\Debug\Tut 07 World Scene\link.8332-rc.write.1.tlog
C:\Users\Kuba\Dropbox\Desktop\GRK_grim2\GRIM - codebase\obj\Debug\Tut 07 World Scene\link.8332.read.1.tlog
C:\Users\Kuba\Dropbox\Desktop\GRK_grim2\GRIM - codebase\obj\Debug\Tut 07 World Scene\link.8332.write.1.tlog
C:\Users\Kuba\Dropbox\Desktop\GRK_grim2\GRIM - codebase\obj\Debug\Tut 07 World Scene\link.8384-cvtres.read.1.tlog
C:\Users\Kuba\Dropbox\Desktop\GRK_grim2\GRIM - codebase\obj\Debug\Tut 07 World Scene\link.8384-cvtres.write.1.tlog
C:\Users\Kuba\Dropbox\Desktop\GRK_grim2\GRIM - codebase\obj\Debug\Tut 07 World Scene\link.8384-rc.read.1.tlog
C:\Users\Kuba\Dropbox\Desktop\GRK_grim2\GRIM - codebase\obj\Debug\Tut 07 World Scene\link.8384-rc.write.1.tlog
C:\Users\Kuba\Dropbox\Desktop\GRK_grim2\GRIM - codebase\obj\Debug\Tut 07 World Scene\link.8384.read.1.tlog
C:\Users\Kuba\Dropbox\Desktop\GRK_grim2\GRIM - codebase\obj\Debug\Tut 07 World Scene\link.8384.write.1.tlog
C:\Users\Kuba\Dropbox\Desktop\GRK_grim2\GRIM - codebase\obj\Debug\Tut 07 World Scene\link.84-cvtres.read.1.tlog
C:\Users\Kuba\Dropbox\Desktop\GRK_grim2\GRIM - codebase\obj\Debug\Tut 07 World Scene\link.84-cvtres.write.1.tlog
C:\Users\Kuba\Dropbox\Desktop\GRK_grim2\GRIM - codebase\obj\Debug\Tut 07 World Scene\link.84-rc.read.1.tlog
C:\Users\Kuba\Dropbox\Desktop\GRK_grim2\GRIM - codebase\obj\Debug\Tut 07 World Scene\link.84-rc.write.1.tlog
C:\Users\Kuba\Dropbox\Desktop\GRK_grim2\GRIM - codebase\obj\Debug\Tut 07 World Scene\link.84.read.1.tlog
C:\Users\Kuba\Dropbox\Desktop\GRK_grim2\GRIM - codebase\obj\Debug\Tut 07 World Scene\link.84.write.1.tlog
C:\Users\Kuba\Dropbox\Desktop\GRK_grim2\GRIM - codebase\obj\Debug\Tut 07 World Scene\link.8436-cvtres.read.1.tlog
C:\Users\Kuba\Dropbox\Desktop\GRK_grim2\GRIM - codebase\obj\Debug\Tut 07 World Scene\link.8436-cvtres.write.1.tlog
C:\Users\Kuba\Dropbox\Desktop\GRK_grim2\GRIM - codebase\obj\Debug\Tut 07 World Scene\link.8436-rc.read.1.tlog
C:\Users\Kuba\Dropbox\Desktop\GRK_grim2\GRIM - codebase\obj\Debug\Tut 07 World Scene\link.8436-rc.write.1.tlog
C:\Users\Kuba\Dropbox\Desktop\GRK_grim2\GRIM - codebase\obj\Debug\Tut 07 World Scene\link.8436.read.1.tlog
C:\Users\Kuba\Dropbox\Desktop\GRK_grim2\GRIM - codebase\obj\Debug\Tut 07 World Scene\link.8436.write.1.tlog
C:\Users\Kuba\Dropbox\Desktop\GRK_grim2\GRIM - codebase\obj\Debug\Tut 07 World Scene\link.8504-cvtres.read.1.tlog
C:\Users\Kuba\Dropbox\Desktop\GRK_grim2\GRIM - codebase\obj\Debug\Tut 07 World Scene\link.8504-cvtres.write.1.tlog
C:\Users\Kuba\Dropbox\Desktop\GRK_grim2\GRIM - codebase\obj\Debug\Tut 07 World Scene\link.8504-rc.read.1.tlog
C:\Users\Kuba\Dropbox\Desktop\GRK_grim2\GRIM - codebase\obj\Debug\Tut 07 World Scene\link.8504-rc.write.1.tlog
C:\Users\Kuba\Dropbox\Desktop\GRK_grim2\GRIM - codebase\obj\Debug\Tut 07 World Scene\link.8504.read.1.tlog
C:\Users\Kuba\Dropbox\Desktop\GRK_grim2\GRIM - codebase\obj\Debug\Tut 07 World Scene\link.8504.write.1.tlog
C:\Users\Kuba\Dropbox\Desktop\GRK_grim2\GRIM - codebase\obj\Debug\Tut 07 World Scene\link.8516-cvtres.read.1.tlog
C:\Users\Kuba\Dropbox\Desktop\GRK_grim2\GRIM - codebase\obj\Debug\Tut 07 World Scene\link.8516-cvtres.write.1.tlog
C:\Users\Kuba\Dropbox\Desktop\GRK_grim2\GRIM - codebase\obj\Debug\Tut 07 World Scene\link.8516-rc.read.1.tlog
C:\Users\Kuba\Dropbox\Desktop\GRK_grim2\GRIM - codebase\obj\Debug\Tut 07 World Scene\link.8516-rc.write.1.tlog
C:\Users\Kuba\Dropbox\Desktop\GRK_grim2\GRIM - codebase\obj\Debug\Tut 07 World Scene\link.8516.read.1.tlog
C:\Users\Kuba\Dropbox\Desktop\GRK_grim2\GRIM - codebase\obj\Debug\Tut 07 World Scene\link.8516.write.1.tlog
C:\Users\Kuba\Dropbox\Desktop\GRK_grim2\GRIM - codebase\obj\Debug\Tut 07 World Scene\link.8604-cvtres.read.1.tlog
C:\Users\Kuba\Dropbox\Desktop\GRK_grim2\GRIM - codebase\obj\Debug\Tut 07 World Scene\link.8604-cvtres.write.1.tlog
C:\Users\Kuba\Dropbox\Desktop\GRK_grim2\GRIM - codebase\obj\Debug\Tut 07 World Scene\link.8604-rc.read.1.tlog
C:\Users\Kuba\Dropbox\Desktop\GRK_grim2\GRIM - codebase\obj\Debug\Tut 07 World Scene\link.8604-rc.write.1.tlog
C:\Users\Kuba\Dropbox\Desktop\GRK_grim2\GRIM - codebase\obj\Debug\Tut 07 World Scene\link.8604.read.1.tlog
C:\Users\Kuba\Dropbox\Desktop\GRK_grim2\GRIM - codebase\obj\Debug\Tut 07 World Scene\link.8604.write.1.tlog
C:\Users\Kuba\Dropbox\Desktop\GRK_grim2\GRIM - codebase\obj\Debug\Tut 07 World Scene\link.8620-cvtres.read.1.tlog
C:\Users\Kuba\Dropbox\Desktop\GRK_grim2\GRIM - codebase\obj\Debug\Tut 07 World Scene\link.8620-cvtres.write.1.tlog
C:\Users\Kuba\Dropbox\Desktop\GRK_grim2\GRIM - codebase\obj\Debug\Tut 07 World Scene\link.8620-rc.read.1.tlog
C:\Users\Kuba\Dropbox\Desktop\GRK_grim2\GRIM - codebase\obj\Debug\Tut 07 World Scene\link.8620-rc.write.1.tlog
C:\Users\Kuba\Dropbox\Desktop\GRK_grim2\GRIM - codebase\obj\Debug\Tut 07 World Scene\link.8620.read.1.tlog
C:\Users\Kuba\Dropbox\Desktop\GRK_grim2\GRIM - codebase\obj\Debug\Tut 07 World Scene\link.8620.write.1.tlog
C:\Users\Kuba\Dropbox\Desktop\GRK_grim2\GRIM - codebase\obj\Debug\Tut 07 World Scene\link.8644-cvtres.read.1.tlog
C:\Users\Kuba\Dropbox\Desktop\GRK_grim2\GRIM - codebase\obj\Debug\Tut 07 World Scene\link.8644-cvtres.write.1.tlog
C:\Users\Kuba\Dropbox\Desktop\GRK_grim2\GRIM - codebase\obj\Debug\Tut 07 World Scene\link.8644-rc.read.1.tlog
C:\Users\Kuba\Dropbox\Desktop\GRK_grim2\GRIM - codebase\obj\Debug\Tut 07 World Scene\link.8644-rc.write.1.tlog
C:\Users\Kuba\Dropbox\Desktop\GRK_grim2\GRIM - codebase\obj\Debug\Tut 07 World Scene\link.8644.read.1.tlog
C:\Users\Kuba\Dropbox\Desktop\GRK_grim2\GRIM - codebase\obj\Debug\Tut 07 World Scene\link.8644.write.1.tlog
C:\Users\Kuba\Dropbox\Desktop\GRK_grim2\GRIM - codebase\obj\Debug\Tut 07 World Scene\link.8652-cvtres.read.1.tlog
C:\Users\Kuba\Dropbox\Desktop\GRK_grim2\GRIM - codebase\obj\Debug\Tut 07 World Scene\link.8652-cvtres.write.1.tlog
C:\Users\Kuba\Dropbox\Desktop\GRK_grim2\GRIM - codebase\obj\Debug\Tut 07 World Scene\link.8652-rc.read.1.tlog
C:\Users\Kuba\Dropbox\Desktop\GRK_grim2\GRIM - codebase\obj\Debug\Tut 07 World Scene\link.8652-rc.write.1.tlog
C:\Users\Kuba\Dropbox\Desktop\GRK_grim2\GRIM - codebase\obj\Debug\Tut 07 World Scene\link.8652.read.1.tlog
C:\Users\Kuba\Dropbox\Desktop\GRK_grim2\GRIM - codebase\obj\Debug\Tut 07 World Scene\link.8652.write.1.tlog
C:\Users\Kuba\Dropbox\Desktop\GRK_grim2\GRIM - codebase\obj\Debug\Tut 07 World Scene\link.8736-cvtres.read.1.tlog
C:\Users\Kuba\Dropbox\Desktop\GRK_grim2\GRIM - codebase\obj\Debug\Tut 07 World Scene\link.8736-cvtres.write.1.tlog
C:\Users\Kuba\Dropbox\Desktop\GRK_grim2\GRIM - codebase\obj\Debug\Tut 07 World Scene\link.8736-rc.read.1.tlog
C:\Users\Kuba\Dropbox\Desktop\GRK_grim2\GRIM - codebase\obj\Debug\Tut 07 World Scene\link.8736-rc.write.1.tlog
C:\Users\Kuba\Dropbox\Desktop\GRK_grim2\GRIM - codebase\obj\Debug\Tut 07 World Scene\link.8736.read.1.tlog
C:\Users\Kuba\Dropbox\Desktop\GRK_grim2\GRIM - codebase\obj\Debug\Tut 07 World Scene\link.8736.write.1.tlog
C:\Users\Kuba\Dropbox\Desktop\GRK_grim2\GRIM - codebase\obj\Debug\Tut 07 World Scene\link.8744-cvtres.read.1.tlog
C:\Users\Kuba\Dropbox\Desktop\GRK_grim2\GRIM - codebase\obj\Debug\Tut 07 World Scene\link.8744-cvtres.write.1.tlog
C:\Users\Kuba\Dropbox\Desktop\GRK_grim2\GRIM - codebase\obj\Debug\Tut 07 World Scene\link.8744-rc.read.1.tlog
C:\Users\Kuba\Dropbox\Desktop\GRK_grim2\GRIM - codebase\obj\Debug\Tut 07 World Scene\link.8744-rc.write.1.tlog
C:\Users\Kuba\Dropbox\Desktop\GRK_grim2\GRIM - codebase\obj\Debug\Tut 07 World Scene\link.8744.read.1.tlog
C:\Users\Kuba\Dropbox\Desktop\GRK_grim2\GRIM - codebase\obj\Debug\Tut 07 World Scene\link.8744.write.1.tlog
C:\Users\Kuba\Dropbox\Desktop\GRK_grim2\GRIM - codebase\obj\Debug\Tut 07 World Scene\link.8828-cvtres.read.1.tlog
C:\Users\Kuba\Dropbox\Desktop\GRK_grim2\GRIM - codebase\obj\Debug\Tut 07 World Scene\link.8828-cvtres.write.1.tlog
C:\Users\Kuba\Dropbox\Desktop\GRK_grim2\GRIM - codebase\obj\Debug\Tut 07 World Scene\link.8828-rc.read.1.tlog
C:\Users\Kuba\Dropbox\Desktop\GRK_grim2\GRIM - codebase\obj\Debug\Tut 07 World Scene\link.8828-rc.write.1.tlog
C:\Users\Kuba\Dropbox\Desktop\GRK_grim2\GRIM - codebase\obj\Debug\Tut 07 World Scene\link.8828.read.1.tlog
C:\Users\Kuba\Dropbox\Desktop\GRK_grim2\GRIM - codebase\obj\Debug\Tut 07 World Scene\link.8828.write.1.tlog
C:\Users\Kuba\Dropbox\Desktop\GRK_grim2\GRIM - codebase\obj\Debug\Tut 07 World Scene\link.8940-cvtres.read.1.tlog
C:\Users\Kuba\Dropbox\Desktop\GRK_grim2\GRIM - codebase\obj\Debug\Tut 07 World Scene\link.8940-cvtres.write.1.tlog
C:\Users\Kuba\Dropbox\Desktop\GRK_grim2\GRIM - codebase\obj\Debug\Tut 07 World Scene\link.8940-rc.read.1.tlog
C:\Users\Kuba\Dropbox\Desktop\GRK_grim2\GRIM - codebase\obj\Debug\Tut 07 World Scene\link.8940-rc.write.1.tlog
C:\Users\Kuba\Dropbox\Desktop\GRK_grim2\GRIM - codebase\obj\Debug\Tut 07 World Scene\link.8940.read.1.tlog
C:\Users\Kuba\Dropbox\Desktop\GRK_grim2\GRIM - codebase\obj\Debug\Tut 07 World Scene\link.8940.write.1.tlog
C:\Users\Kuba\Dropbox\Desktop\GRK_grim2\GRIM - codebase\obj\Debug\Tut 07 World Scene\link.9016-cvtres.read.1.tlog
C:\Users\Kuba\Dropbox\Desktop\GRK_grim2\GRIM - codebase\obj\Debug\Tut 07 World Scene\link.9016-cvtres.write.1.tlog
C:\Users\Kuba\Dropbox\Desktop\GRK_grim2\GRIM - codebase\obj\Debug\Tut 07 World Scene\link.9016-rc.read.1.tlog
C:\Users\Kuba\Dropbox\Desktop\GRK_grim2\GRIM - codebase\obj\Debug\Tut 07 World Scene\link.9016-rc.write.1.tlog
C:\Users\Kuba\Dropbox\Desktop\GRK_grim2\GRIM - codebase\obj\Debug\Tut 07 World Scene\link.9016.read.1.tlog
C:\Users\Kuba\Dropbox\Desktop\GRK_grim2\GRIM - codebase\obj\Debug\Tut 07 World Scene\link.9016.write.1.tlog
C:\Users\Kuba\Dropbox\Desktop\GRK_grim2\GRIM - codebase\obj\Debug\Tut 07 World Scene\link.9100-cvtres.read.1.tlog
C:\Users\Kuba\Dropbox\Desktop\GRK_grim2\GRIM - codebase\obj\Debug\Tut 07 World Scene\link.9100-cvtres.write.1.tlog
C:\Users\Kuba\Dropbox\Desktop\GRK_grim2\GRIM - codebase\obj\Debug\Tut 07 World Scene\link.9100-rc.read.1.tlog
C:\Users\Kuba\Dropbox\Desktop\GRK_grim2\GRIM - codebase\obj\Debug\Tut 07 World Scene\link.9100-rc.write.1.tlog
C:\Users\Kuba\Dropbox\Desktop\GRK_grim2\GRIM - codebase\obj\Debug\Tut 07 World Scene\link.9100.read.1.tlog
C:\Users\Kuba\Dropbox\Desktop\GRK_grim2\GRIM - codebase\obj\Debug\Tut 07 World Scene\link.9100.write.1.tlog
C:\Users\Kuba\Dropbox\Desktop\GRK_grim2\GRIM - codebase\obj\Debug\Tut 07 World Scene\link.916-cvtres.read.1.tlog
C:\Users\Kuba\Dropbox\Desktop\GRK_grim2\GRIM - codebase\obj\Debug\Tut 07 World Scene\link.916-cvtres.write.1.tlog
C:\Users\Kuba\Dropbox\Desktop\GRK_grim2\GRIM - codebase\obj\Debug\Tut 07 World Scene\link.916-rc.read.1.tlog
C:\Users\Kuba\Dropbox\Desktop\GRK_grim2\GRIM - codebase\obj\Debug\Tut 07 World Scene\link.916-rc.write.1.tlog
C:\Users\Kuba\Dropbox\Desktop\GRK_grim2\GRIM - codebase\obj\Debug\Tut 07 World Scene\link.916.read.1.tlog
C:\Users\Kuba\Dropbox\Desktop\GRK_grim2\GRIM - codebase\obj\Debug\Tut 07 World Scene\link.916.write.1.tlog
C:\Users\Kuba\Dropbox\Desktop\GRK_grim2\GRIM - codebase\obj\Debug\Tut 07 World Scene\link.9180-cvtres.read.1.tlog
C:\Users\Kuba\Dropbox\Desktop\GRK_grim2\GRIM - codebase\obj\Debug\Tut 07 World Scene\link.9180-cvtres.write.1.tlog
C:\Users\Kuba\Dropbox\Desktop\GRK_grim2\GRIM - codebase\obj\Debug\Tut 07 World Scene\link.9180-rc.read.1.tlog
C:\Users\Kuba\Dropbox\Desktop\GRK_grim2\GRIM - codebase\obj\Debug\Tut 07 World Scene\link.9180-rc.write.1.tlog
C:\Users\Kuba\Dropbox\Desktop\GRK_grim2\GRIM - codebase\obj\Debug\Tut 07 World Scene\link.9180.read.1.tlog
C:\Users\Kuba\Dropbox\Desktop\GRK_grim2\GRIM - codebase\obj\Debug\Tut 07 World Scene\link.9180.write.1.tlog
C:\Users\Kuba\Dropbox\Desktop\GRK_grim2\GRIM - codebase\obj\Debug\Tut 07 World Scene\link.9188-cvtres.read.1.tlog
C:\Users\Kuba\Dropbox\Desktop\GRK_grim2\GRIM - codebase\obj\Debug\Tut 07 World Scene\link.9188-cvtres.write.1.tlog
C:\Users\Kuba\Dropbox\Desktop\GRK_grim2\GRIM - codebase\obj\Debug\Tut 07 World Scene\link.9188-rc.read.1.tlog
C:\Users\Kuba\Dropbox\Desktop\GRK_grim2\GRIM - codebase\obj\Debug\Tut 07 World Scene\link.9188-rc.write.1.tlog
C:\Users\Kuba\Dropbox\Desktop\GRK_grim2\GRIM - codebase\obj\Debug\Tut 07 World Scene\link.9188.read.1.tlog
C:\Users\Kuba\Dropbox\Desktop\GRK_grim2\GRIM - codebase\obj\Debug\Tut 07 World Scene\link.9188.write.1.tlog
C:\Users\Kuba\Dropbox\Desktop\GRK_grim2\GRIM - codebase\obj\Debug\Tut 07 World Scene\link.9348-cvtres.read.1.tlog
C:\Users\Kuba\Dropbox\Desktop\GRK_grim2\GRIM - codebase\obj\Debug\Tut 07 World Scene\link.9348-cvtres.write.1.tlog
C:\Users\Kuba\Dropbox\Desktop\GRK_grim2\GRIM - codebase\obj\Debug\Tut 07 World Scene\link.9348-rc.read.1.tlog
C:\Users\Kuba\Dropbox\Desktop\GRK_grim2\GRIM - codebase\obj\Debug\Tut 07 World Scene\link.9348-rc.write.1.tlog
C:\Users\Kuba\Dropbox\Desktop\GRK_grim2\GRIM - codebase\obj\Debug\Tut 07 World Scene\link.9348.read.1.tlog
C:\Users\Kuba\Dropbox\Desktop\GRK_grim2\GRIM - codebase\obj\Debug\Tut 07 World Scene\link.9348.write.1.tlog
C:\Users\Kuba\Dropbox\Desktop\GRK_grim2\GRIM - codebase\obj\Debug\Tut 07 World Scene\link.9368-cvtres.read.1.tlog
C:\Users\Kuba\Dropbox\Desktop\GRK_grim2\GRIM - codebase\obj\Debug\Tut 07 World Scene\link.9368-cvtres.write.1.tlog
C:\Users\Kuba\Dropbox\Desktop\GRK_grim2\GRIM - codebase\obj\Debug\Tut 07 World Scene\link.9368-rc.read.1.tlog
C:\Users\Kuba\Dropbox\Desktop\GRK_grim2\GRIM - codebase\obj\Debug\Tut 07 World Scene\link.9368-rc.write.1.tlog
C:\Users\Kuba\Dropbox\Desktop\GRK_grim2\GRIM - codebase\obj\Debug\Tut 07 World Scene\link.9368.read.1.tlog
C:\Users\Kuba\Dropbox\Desktop\GRK_grim2\GRIM - codebase\obj\Debug\Tut 07 World Scene\link.9368.write.1.tlog
C:\Users\Kuba\Dropbox\Desktop\GRK_grim2\GRIM - codebase\obj\Debug\Tut 07 World Scene\link.9488-cvtres.read.1.tlog
C:\Users\Kuba\Dropbox\Desktop\GRK_grim2\GRIM - codebase\obj\Debug\Tut 07 World Scene\link.9488-cvtres.write.1.tlog
C:\Users\Kuba\Dropbox\Desktop\GRK_grim2\GRIM - codebase\obj\Debug\Tut 07 World Scene\link.9488-rc.read.1.tlog
C:\Users\Kuba\Dropbox\Desktop\GRK_grim2\GRIM - codebase\obj\Debug\Tut 07 World Scene\link.9488-rc.write.1.tlog
C:\Users\Kuba\Dropbox\Desktop\GRK_grim2\GRIM - codebase\obj\Debug\Tut 07 World Scene\link.9488.read.1.tlog
C:\Users\Kuba\Dropbox\Desktop\GRK_grim2\GRIM - codebase\obj\Debug\Tut 07 World Scene\link.9488.write.1.tlog
C:\Users\Kuba\Dropbox\Desktop\GRK_grim2\GRIM - codebase\obj\Debug\Tut 07 World Scene\link.9796-cvtres.read.1.tlog
C:\Users\Kuba\Dropbox\Desktop\GRK_grim2\GRIM - codebase\obj\Debug\Tut 07 World Scene\link.9796-cvtres.write.1.tlog
C:\Users\Kuba\Dropbox\Desktop\GRK_grim2\GRIM - codebase\obj\Debug\Tut 07 World Scene\link.9796-rc.read.1.tlog
C:\Users\Kuba\Dropbox\Desktop\GRK_grim2\GRIM - codebase\obj\Debug\Tut 07 World Scene\link.9796-rc.write.1.tlog
C:\Users\Kuba\Dropbox\Desktop\GRK_grim2\GRIM - codebase\obj\Debug\Tut 07 World Scene\link.9796.read.1.tlog
C:\Users\Kuba\Dropbox\Desktop\GRK_grim2\GRIM - codebase\obj\Debug\Tut 07 World Scene\link.9796.write.1.tlog
C:\Users\Kuba\Dropbox\Desktop\GRK_grim2\GRIM - codebase\obj\Debug\Tut 07 World Scene\link.9932-cvtres.read.1.tlog
C:\Users\Kuba\Dropbox\Desktop\GRK_grim2\GRIM - codebase\obj\Debug\Tut 07 World Scene\link.9932-cvtres.write.1.tlog
C:\Users\Kuba\Dropbox\Desktop\GRK_grim2\GRIM - codebase\obj\Debug\Tut 07 World Scene\link.9932-rc.read.1.tlog
C:\Users\Kuba\Dropbox\Desktop\GRK_grim2\GRIM - codebase\obj\Debug\Tut 07 World Scene\link.9932-rc.write.1.tlog
C:\Users\Kuba\Dropbox\Desktop\GRK_grim2\GRIM - codebase\obj\Debug\Tut 07 World Scene\link.9932.read.1.tlog
C:\Users\Kuba\Dropbox\Desktop\GRK_grim2\GRIM - codebase\obj\Debug\Tut 07 World Scene\link.9932.write.1.tlog
C:\Users\Kuba\Dropbox\Desktop\GRK_grim2\GRIM - codebase\obj\Debug\Tut 07 World Scene\link.command.1.tlog
C:\Users\Kuba\Dropbox\Desktop\GRK_grim2\GRIM - codebase\obj\Debug\Tut 07 World Scene\link.read.1.tlog
C:\Users\Kuba\Dropbox\Desktop\GRK_grim2\GRIM - codebase\obj\Debug\Tut 07 World Scene\link.write.1.tlog
C:\Users\Kuba\Dropbox\Desktop\GRK_grim2\GRIM - codebase\.\Tut 07 World SceneD.exe
