Build started 8/2/2014 12:30:08 PM.
     1>Project "C:\Users\Kuba\Dropbox\Desktop\GRK_grim2\GRIM - codebase\Tut 07 World Scene.vcxproj" on node 2 (Build target(s)).
     1>ClCompile:
         C:\Program Files (x86)\VC\bin\CL.exe /c /I..\framework /I..\glsdk\glload\include /I..\glsdk\glimg\include /I..\glsdk\glm /I..\glsdk\glutil\include /I..\glsdk\glmesh\include /I..\glsdk\freeglut\include /I..\libpng\include /I..\zlib\include /ZI /nologo /W3 /WX- /Od /Oy- /D _CRT_SECURE_NO_WARNINGS /D _CRT_SECURE_NO_DEPRECATE /D _SCL_SECURE_NO_WARNINGS /D TIXML_USE_STL /D FREEGLUT_STATIC /D WIN32 /D _LIB /D FREEGLUT_LIB_PRAGMAS=0 /D DEBUG /D _DEBUG /D _MBCS /Gm /EHsc /RTC1 /MDd /GS /Gy /fp:precise /Zc:wchar_t /Zc:forScope /Fo"obj\Debug\Tut 07 World Scene\\" /Fd".\Tut 07 World SceneD.pdb" /Gd /TP /analyze- /errorReport:prompt GRIM.cpp
         GRIM.cpp
     1>c:\users\kuba\dropbox\desktop\grk_grim2\grim - codebase\textures.h(71): warning C4101: 'height' : unreferenced local variable
     1>c:\users\kuba\dropbox\desktop\grk_grim2\grim - codebase\textures.h(71): warning C4101: 'width' : unreferenced local variable
     1>c:\users\kuba\dropbox\desktop\grk_grim2\grim - codebase\objects.h(71): warning C4305: '=' : truncation from 'double' to 'float'
     1>c:\users\kuba\dropbox\desktop\grk_grim2\grim - codebase\objects.h(109): warning C4101: 'unit' : unreferenced local variable
     1>c:\users\kuba\dropbox\desktop\grk_grim2\grim - codebase\objects.h(234): warning C4244: 'initializing' : conversion from 'int' to 'float', possible loss of data
     1>c:\users\kuba\dropbox\desktop\grk_grim2\grim - codebase\objects.h(241): warning C4244: 'return' : conversion from 'double' to 'float', possible loss of data
     1>c:\users\kuba\dropbox\desktop\grk_grim2\grim - codebase\objects.h(252): warning C4244: 'argument' : conversion from 'int' to 'float', possible loss of data
     1>c:\users\kuba\dropbox\desktop\grk_grim2\grim - codebase\objects.h(257): warning C4305: 'argument' : truncation from 'double' to 'float'
     1>c:\users\kuba\dropbox\desktop\grk_grim2\grim - codebase\objects.h(269): warning C4305: 'argument' : truncation from 'double' to 'float'
     1>c:\users\kuba\dropbox\desktop\grk_grim2\grim - codebase\objects.h(278): warning C4305: '=' : truncation from 'double' to 'float'
     1>c:\users\kuba\dropbox\desktop\grk_grim2\grim - codebase\grim.cpp(60): warning C4244: 'initializing' : conversion from 'int' to 'float', possible loss of data
     1>c:\users\kuba\dropbox\desktop\grk_grim2\grim - codebase\grim.cpp(76): warning C4551: function call missing argument list
     1>c:\users\kuba\dropbox\desktop\grk_grim2\grim - codebase\grim.cpp(77): warning C4244: 'argument' : conversion from 'time_t' to 'unsigned int', possible loss of data
     1>c:\users\kuba\dropbox\desktop\grk_grim2\grim - codebase\grim.cpp(121): warning C4244: 'argument' : conversion from 'float' to 'DWORD', possible loss of data
     1>C:\Program Files (x86)\MSBuild\Microsoft.Cpp\v4.0\V110\Microsoft.CppBuild.targets(1137,5): warning MSB8012: TargetPath(C:\Users\Kuba\Dropbox\Desktop\GRK_grim2\GRIM - codebase\.\GRK GRIM - Kuba Orlik i Pola Mi.exe) does not match the Linker's OutputFile property value (C:\Users\Kuba\Dropbox\Desktop\GRK_grim2\GRIM - codebase\GRK GRIM - by Jan Kuba Orlik & Pola Mikolajczak.exe). This may cause your project to build incorrectly. To correct this, please make sure that $(OutDir), $(TargetName) and $(TargetExt) property values match the value specified in %(Link.OutputFile).
     1>C:\Program Files (x86)\MSBuild\Microsoft.Cpp\v4.0\V110\Microsoft.CppBuild.targets(1139,5): warning MSB8012: TargetName(GRK GRIM - Kuba Orlik i Pola Mi) does not match the Linker's OutputFile property value (GRK GRIM - by Jan Kuba Orlik & Pola Mikolajczak). This may cause your project to build incorrectly. To correct this, please make sure that $(OutDir), $(TargetName) and $(TargetExt) property values match the value specified in %(Link.OutputFile).
       Link:
         C:\Program Files (x86)\VC\bin\link.exe /ERRORREPORT:PROMPT /OUT:".\GRK GRIM - by Jan Kuba Orlik & Pola Mikolajczak.exe" /INCREMENTAL /NOLOGO /LIBPATH:..\glsdk\glload\lib /LIBPATH:..\glsdk\glimg\lib /LIBPATH:..\glsdk\glutil\lib /LIBPATH:..\glsdk\glmesh\lib /LIBPATH:..\glsdk\freeglut\lib /LIBPATH:..\libpng\lib /LIBPATH:..\zlib\lib glloadD.lib glimgD.lib glutilD.lib glmeshD.lib freeglutD.lib glu32.lib opengl32.lib gdi32.lib winmm.lib user32.lib libpng.lib zlib.lib kernel32.lib user32.lib gdi32.lib winspool.lib comdlg32.lib advapi32.lib shell32.lib ole32.lib oleaut32.lib uuid.lib odbc32.lib odbccp32.lib /MANIFEST /MANIFESTUAC:"level='asInvoker' uiAccess='false'" /manifest:embed /DEBUG /PDB:".\GRK GRIM - Kuba Orlik i Pola Mi.pdb" /SUBSYSTEM:CONSOLE /TLBID:1 /ENTRY:"mainCRTStartup" /DYNAMICBASE /NXCOMPAT /IMPLIB:".\GRK GRIM - Kuba Orlik i Pola Mi.lib" /MACHINE:X86 "obj\Debug\Tut 07 World Scene\GRIM.obj"
         C:\Users\Kuba\Dropbox\Desktop\GRK_grim2\framework\lib\frameworkD.lib
         Tut 07 World Scene.vcxproj -> C:\Users\Kuba\Dropbox\Desktop\GRK_grim2\GRIM - codebase\.\GRK GRIM - Kuba Orlik i Pola Mi.exe
     1>Done Building Project "C:\Users\Kuba\Dropbox\Desktop\GRK_grim2\GRIM - codebase\Tut 07 World Scene.vcxproj" (Build target(s)).

Build succeeded.

Time Elapsed 00:00:05.02
